#
# There is insufficient memory for the Java Runtime Environment to continue.
# Native memory allocation (malloc) failed to allocate 2097152 bytes. Error detail: AllocateHeap
# Possible reasons:
#   The system is out of physical RAM or swap space
#   This process is running with CompressedOops enabled, and the Java Heap may be blocking the growth of the native heap
# Possible solutions:
#   Reduce memory load on the system
#   Increase physical memory or swap space
#   Check if swap backing store is full
#   Decrease Java heap size (-Xmx/-Xms)
#   Decrease number of Java threads
#   Decrease Java thread stack sizes (-Xss)
#   Set larger code cache with -XX:ReservedCodeCacheSize=
#   JVM is running with Unscaled Compressed Oops mode in which the Java heap is
#     placed in the first 4GB address space. The Java Heap base address is the
#     maximum limit for the native heap growth. Please use -XX:HeapBaseMinAddress
#     to set the Java Heap base and to place the Java Heap above 4GB virtual address.
# This output file may be truncated or incomplete.
#
#  Out of Memory Error (allocation.cpp:44), pid=12532, tid=20888
#
# JRE version: OpenJDK Runtime Environment Temurin-17.0.11+9 (17.0.11+9) (build 17.0.11+9)
# Java VM: OpenJDK 64-Bit Server VM Temurin-17.0.11+9 (17.0.11+9, mixed mode, emulated-client, tiered, compressed oops, compressed class ptrs, g1 gc, windows-amd64)
# No core dump will be written. Minidumps are not enabled by default on client versions of Windows
#

---------------  S U M M A R Y ------------

Command Line: -Xmx1024m -Dsts.lsp.client=vscode -Dsts.log.file=/dev/null -XX:TieredStopAtLevel=1 -Xlog:jni+resolve=off -Dspring.config.location=file:c:\Users\hii\.vscode\extensions\vmware.vscode-spring-boot-1.55.1\language-server\BOOT-INF\classes\application.properties org.springframework.ide.vscode.boot.app.BootLanguageServerBootApp

Host: AMD Ryzen 5 5600H with Radeon Graphics         , 12 cores, 13G,  Windows 11 , 64 bit Build 22621 (10.0.22621.3672)
Time: Sat Jun 29 16:45:47 2024 SE Asia Standard Time elapsed time: 1174.181561 seconds (0d 0h 19m 34s)

---------------  T H R E A D  ---------------

Current thread (0x0000026e0f1610b0):  VMThread "VM Thread" [stack: 0x000000a656900000,0x000000a656a00000] [id=20888]

Stack: [0x000000a656900000,0x000000a656a00000]
Native frames: (J=compiled Java code, j=interpreted, Vv=VM code, C=native code)
V  [jvm.dll+0x67d429]
V  [jvm.dll+0x834b7a]
V  [jvm.dll+0x83663e]
V  [jvm.dll+0x836ca3]
V  [jvm.dll+0x247dbf]
V  [jvm.dll+0xa6cb3]
V  [jvm.dll+0x2f8b61]
V  [jvm.dll+0x2f4750]
V  [jvm.dll+0x2dcf67]
V  [jvm.dll+0x31fb67]
V  [jvm.dll+0x83b19b]
V  [jvm.dll+0x83bed2]
V  [jvm.dll+0x83c3ed]
V  [jvm.dll+0x83c7c4]
V  [jvm.dll+0x83c890]
V  [jvm.dll+0x7e410a]
V  [jvm.dll+0x67c315]
C  [ucrtbase.dll+0x29333]
C  [KERNEL32.DLL+0x1257d]
C  [ntdll.dll+0x5af28]

VM_Operation (0x000000a6584febe0): G1CollectFull, mode: safepoint, requested by thread 0x0000026e14abd4b0


---------------  P R O C E S S  ---------------

Threads class SMR info:
_java_thread_list=0x0000026e0f267210, length=28, elements={
0x0000026e0f176370, 0x0000026e0f177000, 0x0000026e0f14b4e0, 0x0000026e0f14bdb0,
0x0000026e0f14c680, 0x0000026e0f14d350, 0x0000026e0f14e960, 0x0000026e0f1d7450,
0x0000026e0f3c4a90, 0x0000026e0f3ceaa0, 0x0000026e14509b40, 0x0000026e14abd4b0,
0x0000026e14c37e00, 0x0000026e03e99060, 0x0000026e148fab90, 0x0000026e140277e0,
0x0000026e0f361b50, 0x0000026e0f361640, 0x0000026e0f361130, 0x0000026e0f360710,
0x0000026e0f360c20, 0x0000026e14117420, 0x0000026e1411d960, 0x0000026e1411c520,
0x0000026e1411bb00, 0x0000026e14118860, 0x0000026e1411d450, 0x0000026e14118d70
}

Java Threads: ( => current thread )
  0x0000026e0f176370 JavaThread "Reference Handler" daemon [_thread_blocked, id=23464, stack(0x000000a656a00000,0x000000a656b00000)]
  0x0000026e0f177000 JavaThread "Finalizer" daemon [_thread_blocked, id=24180, stack(0x000000a656b00000,0x000000a656c00000)]
  0x0000026e0f14b4e0 JavaThread "Signal Dispatcher" daemon [_thread_blocked, id=7464, stack(0x000000a656c00000,0x000000a656d00000)]
  0x0000026e0f14bdb0 JavaThread "Attach Listener" daemon [_thread_blocked, id=25860, stack(0x000000a656d00000,0x000000a656e00000)]
  0x0000026e0f14c680 JavaThread "Service Thread" daemon [_thread_blocked, id=18548, stack(0x000000a656e00000,0x000000a656f00000)]
  0x0000026e0f14d350 JavaThread "Monitor Deflation Thread" daemon [_thread_blocked, id=11920, stack(0x000000a656f00000,0x000000a657000000)]
  0x0000026e0f14e960 JavaThread "C1 CompilerThread0" daemon [_thread_blocked, id=424, stack(0x000000a657000000,0x000000a657100000)]
  0x0000026e0f1d7450 JavaThread "Sweeper thread" daemon [_thread_blocked, id=22364, stack(0x000000a657100000,0x000000a657200000)]
  0x0000026e0f3c4a90 JavaThread "Notification Thread" daemon [_thread_blocked, id=15392, stack(0x000000a657300000,0x000000a657400000)]
  0x0000026e0f3ceaa0 JavaThread "Common-Cleaner" daemon [_thread_blocked, id=2168, stack(0x000000a657500000,0x000000a657600000)]
  0x0000026e14509b40 JavaThread "boundedElastic-evictor-1" daemon [_thread_blocked, id=8580, stack(0x000000a657c00000,0x000000a657d00000)]
  0x0000026e14abd4b0 JavaThread "pool-13-thread-1" [_thread_blocked, id=28300, stack(0x000000a658400000,0x000000a658500000)]
  0x0000026e14c37e00 JavaThread "LanguageServerApp-lifecycle" [_thread_blocked, id=17948, stack(0x000000a658500000,0x000000a658600000)]
  0x0000026e03e99060 JavaThread "DestroyJavaVM" [_thread_blocked, id=21632, stack(0x000000a656300000,0x000000a656400000)]
  0x0000026e148fab90 JavaThread "pool-14-thread-1" [_thread_in_native, id=10100, stack(0x000000a658600000,0x000000a658700000)]
  0x0000026e140277e0 JavaThread "Simple-Language-Server main thread" daemon [_thread_blocked, id=27256, stack(0x000000a658700000,0x000000a658800000)]
  0x0000026e0f361b50 JavaThread "pool-8-thread-1" [_thread_blocked, id=20180, stack(0x000000a658800000,0x000000a658900000)]
  0x0000026e0f361640 JavaThread "parallel-1" daemon [_thread_blocked, id=19540, stack(0x000000a658900000,0x000000a658a00000)]
  0x0000026e0f361130 JavaThread "parallel-2" daemon [_thread_blocked, id=24728, stack(0x000000a658a00000,0x000000a658b00000)]
  0x0000026e0f360710 JavaThread "parallel-3" daemon [_thread_blocked, id=24732, stack(0x000000a658b00000,0x000000a658c00000)]
  0x0000026e0f360c20 JavaThread "parallel-4" daemon [_thread_blocked, id=152, stack(0x000000a658c00000,0x000000a658d00000)]
  0x0000026e14117420 JavaThread "pool-6-thread-1" [_thread_blocked, id=2948, stack(0x000000a658e00000,0x000000a658f00000)]
  0x0000026e1411d960 JavaThread "parallel-5" daemon [_thread_blocked, id=9016, stack(0x000000a658f00000,0x000000a659000000)]
  0x0000026e1411c520 JavaThread "parallel-6" daemon [_thread_blocked, id=2324, stack(0x000000a659000000,0x000000a659100000)]
  0x0000026e1411bb00 JavaThread "parallel-7" daemon [_thread_blocked, id=19136, stack(0x000000a659100000,0x000000a659200000)]
  0x0000026e14118860 JavaThread "parallel-8" daemon [_thread_blocked, id=24640, stack(0x000000a659200000,0x000000a659300000)]
  0x0000026e1411d450 JavaThread "Reconciler-1" daemon [_thread_blocked, id=27508, stack(0x000000a659500000,0x000000a659600000)]
  0x0000026e14118d70 JavaThread "parallel-9" daemon [_thread_blocked, id=17900, stack(0x000000a656100000,0x000000a656200000)]

Other Threads:
=>0x0000026e0f1610b0 VMThread "VM Thread" [stack: 0x000000a656900000,0x000000a656a00000] [id=20888]
  0x0000026e0f3c4f70 WatcherThread [stack: 0x000000a657400000,0x000000a657500000] [id=30248]
  0x0000026e03ed5a80 GCTaskThread "GC Thread#0" [stack: 0x000000a656400000,0x000000a656500000] [id=12208]
  0x0000026e0fd94920 GCTaskThread "GC Thread#1" [stack: 0x000000a657600000,0x000000a657700000] [id=28208]
  0x0000026e0fd94be0 GCTaskThread "GC Thread#2" [stack: 0x000000a657700000,0x000000a657800000] [id=20812]
  0x0000026e0fd94ea0 GCTaskThread "GC Thread#3" [stack: 0x000000a657800000,0x000000a657900000] [id=10260]
  0x0000026e0fd95160 GCTaskThread "GC Thread#4" [stack: 0x000000a657900000,0x000000a657a00000] [id=22972]
  0x0000026e14389ee0 GCTaskThread "GC Thread#5" [stack: 0x000000a657b00000,0x000000a657c00000] [id=21192]
  0x0000026e144d9230 GCTaskThread "GC Thread#6" [stack: 0x000000a657e00000,0x000000a657f00000] [id=27276]
  0x0000026e1459f360 GCTaskThread "GC Thread#7" [stack: 0x000000a657f00000,0x000000a658000000] [id=29636]
  0x0000026e1459f620 GCTaskThread "GC Thread#8" [stack: 0x000000a658000000,0x000000a658100000] [id=12844]
  0x0000026e14683050 GCTaskThread "GC Thread#9" [stack: 0x000000a658100000,0x000000a658200000] [id=29868]
  0x0000026e03ede8e0 ConcurrentGCThread "G1 Main Marker" [stack: 0x000000a656500000,0x000000a656600000] [id=10584]
  0x0000026e03edf9b0 ConcurrentGCThread "G1 Conc#0" [stack: 0x000000a656600000,0x000000a656700000] [id=4840]
  0x0000026e1464c050 ConcurrentGCThread "G1 Conc#1" [stack: 0x000000a658200000,0x000000a658300000] [id=10900]
  0x0000026e1464c310 ConcurrentGCThread "G1 Conc#2" [stack: 0x000000a658300000,0x000000a658400000] [id=9956]
  0x0000026e0efc6180 ConcurrentGCThread "G1 Refine#0" [stack: 0x000000a656700000,0x000000a656800000] [id=23876]
  0x0000026e0efc6ac0 ConcurrentGCThread "G1 Service" [stack: 0x000000a656800000,0x000000a656900000] [id=26308]

Threads with active compile tasks:
C1 CompilerThread0  1174212 3736       1       java.lang.ThreadLocal::setInitialValue (50 bytes)

VM state: at safepoint (normal execution)

VM Mutex/Monitor currently owned by a thread:  ([mutex/lock_event])
[0x0000026e03e957b0] Threads_lock - owner thread: 0x0000026e0f1610b0
[0x0000026e03e95a80] Heap_lock - owner thread: 0x0000026e14abd4b0

Heap address: 0x00000000c0000000, size: 1024 MB, Compressed Oops mode: 32-bit

CDS archive(s) not mapped
Compressed class space mapped at: 0x0000000100000000-0x0000000140000000, reserved size: 1073741824
Narrow klass base: 0x0000000000000000, Narrow klass shift: 3, Narrow klass range: 0x140000000

GC Precious Log:
 CPUs: 12 total, 12 available
 Memory: 14188M
 Large Page Support: Disabled
 NUMA Support: Disabled
 Compressed Oops: Enabled (32-bit)
 Heap Region Size: 1M
 Heap Min Capacity: 8M
 Heap Initial Capacity: 222M
 Heap Max Capacity: 1G
 Pre-touch: Disabled
 Parallel Workers: 10
 Concurrent Workers: 3
 Concurrent Refinement Workers: 10
 Periodic GC: Disabled

Heap:
 garbage-first heap   total 86016K, used 24691K [0x00000000c0000000, 0x0000000100000000)
  region size 1024K, 1 young (1024K), 0 survivors (0K)
 Metaspace       used 39327K, committed 39872K, reserved 1114112K
  class space    used 5205K, committed 5440K, reserved 1048576K

Heap Regions: E=young(eden), S=young(survivor), O=old, HS=humongous(starts), HC=humongous(continues), CS=collection set, F=free, OA=open archive, CA=closed archive, TAMS=top-at-mark-start (previous, next)
|   0|0x00000000c0000000, 0x00000000c0100000, 0x00000000c0100000|100%|HS|  |TAMS 0x00000000c0100000, 0x00000000c0000000| Untracked 
|   1|0x00000000c0100000, 0x00000000c0200000, 0x00000000c0200000|100%|HC|  |TAMS 0x00000000c0200000, 0x00000000c0100000| Untracked 
|   2|0x00000000c0200000, 0x00000000c0300000, 0x00000000c0300000|100%|HC|  |TAMS 0x00000000c0300000, 0x00000000c0200000| Untracked 
|   3|0x00000000c0300000, 0x00000000c0400000, 0x00000000c0400000|100%|HC|  |TAMS 0x00000000c0400000, 0x00000000c0300000| Untracked 
|   4|0x00000000c0400000, 0x00000000c0500000, 0x00000000c0500000|100%|HS|  |TAMS 0x00000000c0500000, 0x00000000c0400000| Untracked 
|   5|0x00000000c0500000, 0x00000000c0600000, 0x00000000c0600000|100%|HC|  |TAMS 0x00000000c0600000, 0x00000000c0500000| Untracked 
|   6|0x00000000c0600000, 0x00000000c0700000, 0x00000000c0700000|100%| O|  |TAMS 0x00000000c0700000, 0x00000000c0600000| Untracked 
|   7|0x00000000c0700000, 0x00000000c0800000, 0x00000000c0800000|100%| O|  |TAMS 0x00000000c0800000, 0x00000000c0700000| Untracked 
|   8|0x00000000c0800000, 0x00000000c0900000, 0x00000000c0900000|100%| O|  |TAMS 0x00000000c0900000, 0x00000000c0800000| Untracked 
|   9|0x00000000c0900000, 0x00000000c09fd110, 0x00000000c0a00000| 98%| O|  |TAMS 0x00000000c09fd110, 0x00000000c0900000| Untracked 
|  10|0x00000000c0a00000, 0x00000000c0b00000, 0x00000000c0b00000|100%| O|  |TAMS 0x00000000c0b00000, 0x00000000c0a00000| Untracked 
|  11|0x00000000c0b00000, 0x00000000c0bffff8, 0x00000000c0c00000| 99%| O|  |TAMS 0x00000000c0bffff8, 0x00000000c0b00000| Untracked 
|  12|0x00000000c0c00000, 0x00000000c0cffff8, 0x00000000c0d00000| 99%| O|  |TAMS 0x00000000c0cffff8, 0x00000000c0c00000| Untracked 
|  13|0x00000000c0d00000, 0x00000000c0dffff0, 0x00000000c0e00000| 99%| O|  |TAMS 0x00000000c0dffff0, 0x00000000c0d00000| Untracked 
|  14|0x00000000c0e00000, 0x00000000c0f00000, 0x00000000c0f00000|100%| O|  |TAMS 0x00000000c0f00000, 0x00000000c0e00000| Untracked 
|  15|0x00000000c0f00000, 0x00000000c0fffff8, 0x00000000c1000000| 99%| O|  |TAMS 0x00000000c0fffff8, 0x00000000c0f00000| Untracked 
|  16|0x00000000c1000000, 0x00000000c1100000, 0x00000000c1100000|100%| O|  |TAMS 0x00000000c1100000, 0x00000000c1000000| Untracked 
|  17|0x00000000c1100000, 0x00000000c11fffe8, 0x00000000c1200000| 99%| O|  |TAMS 0x00000000c11fffe8, 0x00000000c1100000| Untracked 
|  18|0x00000000c1200000, 0x00000000c12fffe0, 0x00000000c1300000| 99%| O|  |TAMS 0x00000000c12fffe0, 0x00000000c1200000| Untracked 
|  19|0x00000000c1300000, 0x00000000c13ffff8, 0x00000000c1400000| 99%| O|  |TAMS 0x00000000c13ffff8, 0x00000000c1300000| Untracked 
|  20|0x00000000c1400000, 0x00000000c14ffff0, 0x00000000c1500000| 99%| O|  |TAMS 0x00000000c14ffff0, 0x00000000c1400000| Untracked 
|  21|0x00000000c1500000, 0x00000000c15ffff8, 0x00000000c1600000| 99%| O|  |TAMS 0x00000000c15ffff8, 0x00000000c1500000| Untracked 
|  22|0x00000000c1600000, 0x00000000c16ffff0, 0x00000000c1700000| 99%| O|  |TAMS 0x00000000c16ffff0, 0x00000000c1600000| Untracked 
|  23|0x00000000c1700000, 0x00000000c17fffe0, 0x00000000c1800000| 99%| O|  |TAMS 0x00000000c17fffe0, 0x00000000c1700000| Untracked 
|  24|0x00000000c1800000, 0x00000000c181d908, 0x00000000c1900000| 11%| O|  |TAMS 0x00000000c1800000, 0x00000000c1800000| Untracked 
|  25|0x00000000c1900000, 0x00000000c1902318, 0x00000000c1a00000|  0%| O|  |TAMS 0x00000000c1900000, 0x00000000c1900000| Untracked 
|  26|0x00000000c1a00000, 0x00000000c1a00000, 0x00000000c1b00000|  0%| F|  |TAMS 0x00000000c1a00000, 0x00000000c1a00000| Untracked 
|  27|0x00000000c1b00000, 0x00000000c1b00000, 0x00000000c1c00000|  0%| F|  |TAMS 0x00000000c1b00000, 0x00000000c1b00000| Untracked 
|  28|0x00000000c1c00000, 0x00000000c1c00000, 0x00000000c1d00000|  0%| F|  |TAMS 0x00000000c1c00000, 0x00000000c1c00000| Untracked 
|  29|0x00000000c1d00000, 0x00000000c1d00000, 0x00000000c1e00000|  0%| F|  |TAMS 0x00000000c1d00000, 0x00000000c1d00000| Untracked 
|  30|0x00000000c1e00000, 0x00000000c1e00000, 0x00000000c1f00000|  0%| F|  |TAMS 0x00000000c1e00000, 0x00000000c1e00000| Untracked 
|  31|0x00000000c1f00000, 0x00000000c1f00000, 0x00000000c2000000|  0%| F|  |TAMS 0x00000000c1f00000, 0x00000000c1f00000| Untracked 
|  32|0x00000000c2000000, 0x00000000c2000000, 0x00000000c2100000|  0%| F|  |TAMS 0x00000000c2000000, 0x00000000c2000000| Untracked 
|  33|0x00000000c2100000, 0x00000000c2100000, 0x00000000c2200000|  0%| F|  |TAMS 0x00000000c2100000, 0x00000000c2100000| Untracked 
|  34|0x00000000c2200000, 0x00000000c2200000, 0x00000000c2300000|  0%| F|  |TAMS 0x00000000c2200000, 0x00000000c2200000| Untracked 
|  35|0x00000000c2300000, 0x00000000c2300000, 0x00000000c2400000|  0%| F|  |TAMS 0x00000000c2300000, 0x00000000c2300000| Untracked 
|  36|0x00000000c2400000, 0x00000000c2400000, 0x00000000c2500000|  0%| F|  |TAMS 0x00000000c2400000, 0x00000000c2400000| Untracked 
|  37|0x00000000c2500000, 0x00000000c2500000, 0x00000000c2600000|  0%| F|  |TAMS 0x00000000c2500000, 0x00000000c2500000| Untracked 
|  38|0x00000000c2600000, 0x00000000c2600000, 0x00000000c2700000|  0%| F|  |TAMS 0x00000000c2600000, 0x00000000c2600000| Untracked 
|  39|0x00000000c2700000, 0x00000000c2700000, 0x00000000c2800000|  0%| F|  |TAMS 0x00000000c2700000, 0x00000000c2700000| Untracked 
|  40|0x00000000c2800000, 0x00000000c2800000, 0x00000000c2900000|  0%| F|  |TAMS 0x00000000c2800000, 0x00000000c2800000| Untracked 
|  41|0x00000000c2900000, 0x00000000c2900000, 0x00000000c2a00000|  0%| F|  |TAMS 0x00000000c2900000, 0x00000000c2900000| Untracked 
|  42|0x00000000c2a00000, 0x00000000c2a00000, 0x00000000c2b00000|  0%| F|  |TAMS 0x00000000c2a00000, 0x00000000c2a00000| Untracked 
|  43|0x00000000c2b00000, 0x00000000c2b00000, 0x00000000c2c00000|  0%| F|  |TAMS 0x00000000c2b00000, 0x00000000c2b00000| Untracked 
|  44|0x00000000c2c00000, 0x00000000c2c00000, 0x00000000c2d00000|  0%| F|  |TAMS 0x00000000c2c00000, 0x00000000c2c00000| Untracked 
|  45|0x00000000c2d00000, 0x00000000c2d00000, 0x00000000c2e00000|  0%| F|  |TAMS 0x00000000c2d00000, 0x00000000c2d00000| Untracked 
|  46|0x00000000c2e00000, 0x00000000c2e00000, 0x00000000c2f00000|  0%| F|  |TAMS 0x00000000c2e00000, 0x00000000c2e00000| Untracked 
|  47|0x00000000c2f00000, 0x00000000c2f00000, 0x00000000c3000000|  0%| F|  |TAMS 0x00000000c2f00000, 0x00000000c2f00000| Untracked 
|  48|0x00000000c3000000, 0x00000000c3000000, 0x00000000c3100000|  0%| F|  |TAMS 0x00000000c3000000, 0x00000000c3000000| Untracked 
|  49|0x00000000c3100000, 0x00000000c3100000, 0x00000000c3200000|  0%| F|  |TAMS 0x00000000c3100000, 0x00000000c3100000| Untracked 
|  50|0x00000000c3200000, 0x00000000c3200000, 0x00000000c3300000|  0%| F|  |TAMS 0x00000000c3200000, 0x00000000c3200000| Untracked 
|  51|0x00000000c3300000, 0x00000000c3300000, 0x00000000c3400000|  0%| F|  |TAMS 0x00000000c3300000, 0x00000000c3300000| Untracked 
|  52|0x00000000c3400000, 0x00000000c3400000, 0x00000000c3500000|  0%| F|  |TAMS 0x00000000c3400000, 0x00000000c3400000| Untracked 
|  53|0x00000000c3500000, 0x00000000c3500000, 0x00000000c3600000|  0%| F|  |TAMS 0x00000000c3500000, 0x00000000c3500000| Untracked 
|  54|0x00000000c3600000, 0x00000000c3600000, 0x00000000c3700000|  0%| F|  |TAMS 0x00000000c3600000, 0x00000000c3600000| Untracked 
|  55|0x00000000c3700000, 0x00000000c3700000, 0x00000000c3800000|  0%| F|  |TAMS 0x00000000c3700000, 0x00000000c3700000| Untracked 
|  56|0x00000000c3800000, 0x00000000c3800000, 0x00000000c3900000|  0%| F|  |TAMS 0x00000000c3800000, 0x00000000c3800000| Untracked 
|  57|0x00000000c3900000, 0x00000000c3900000, 0x00000000c3a00000|  0%| F|  |TAMS 0x00000000c3900000, 0x00000000c3900000| Untracked 
|  58|0x00000000c3a00000, 0x00000000c3a00000, 0x00000000c3b00000|  0%| F|  |TAMS 0x00000000c3a00000, 0x00000000c3a00000| Untracked 
|  59|0x00000000c3b00000, 0x00000000c3b00000, 0x00000000c3c00000|  0%| F|  |TAMS 0x00000000c3b00000, 0x00000000c3b00000| Untracked 
|  60|0x00000000c3c00000, 0x00000000c3c00000, 0x00000000c3d00000|  0%| F|  |TAMS 0x00000000c3c00000, 0x00000000c3c00000| Untracked 
|  61|0x00000000c3d00000, 0x00000000c3d00000, 0x00000000c3e00000|  0%| F|  |TAMS 0x00000000c3d00000, 0x00000000c3d00000| Untracked 
|  62|0x00000000c3e00000, 0x00000000c3e00000, 0x00000000c3f00000|  0%| F|  |TAMS 0x00000000c3e00000, 0x00000000c3e00000| Untracked 
|  63|0x00000000c3f00000, 0x00000000c3f00000, 0x00000000c4000000|  0%| F|  |TAMS 0x00000000c3f00000, 0x00000000c3f00000| Untracked 
|  64|0x00000000c4000000, 0x00000000c4000000, 0x00000000c4100000|  0%| F|  |TAMS 0x00000000c4000000, 0x00000000c4000000| Untracked 
|  65|0x00000000c4100000, 0x00000000c4100000, 0x00000000c4200000|  0%| F|  |TAMS 0x00000000c4100000, 0x00000000c4100000| Untracked 
|  66|0x00000000c4200000, 0x00000000c4200000, 0x00000000c4300000|  0%| F|  |TAMS 0x00000000c4200000, 0x00000000c4200000| Untracked 
|  67|0x00000000c4300000, 0x00000000c4300000, 0x00000000c4400000|  0%| F|  |TAMS 0x00000000c4300000, 0x00000000c4300000| Untracked 
|  68|0x00000000c4400000, 0x00000000c4400000, 0x00000000c4500000|  0%| F|  |TAMS 0x00000000c4400000, 0x00000000c4400000| Untracked 
|  69|0x00000000c4500000, 0x00000000c4500000, 0x00000000c4600000|  0%| F|  |TAMS 0x00000000c4500000, 0x00000000c4500000| Untracked 
|  70|0x00000000c4600000, 0x00000000c4600000, 0x00000000c4700000|  0%| F|  |TAMS 0x00000000c4600000, 0x00000000c4600000| Untracked 
|  71|0x00000000c4700000, 0x00000000c4700000, 0x00000000c4800000|  0%| F|  |TAMS 0x00000000c4700000, 0x00000000c4700000| Untracked 
|  72|0x00000000c4800000, 0x00000000c4800000, 0x00000000c4900000|  0%| F|  |TAMS 0x00000000c4800000, 0x00000000c4800000| Untracked 
|  73|0x00000000c4900000, 0x00000000c4900000, 0x00000000c4a00000|  0%| F|  |TAMS 0x00000000c4900000, 0x00000000c4900000| Untracked 
|  74|0x00000000c4a00000, 0x00000000c4a00000, 0x00000000c4b00000|  0%| F|  |TAMS 0x00000000c4a00000, 0x00000000c4a00000| Untracked 
|  75|0x00000000c4b00000, 0x00000000c4b00000, 0x00000000c4c00000|  0%| F|  |TAMS 0x00000000c4b00000, 0x00000000c4b00000| Untracked 
|  76|0x00000000c4c00000, 0x00000000c4c00000, 0x00000000c4d00000|  0%| F|  |TAMS 0x00000000c4c00000, 0x00000000c4c00000| Untracked 
|  77|0x00000000c4d00000, 0x00000000c4d00000, 0x00000000c4e00000|  0%| F|  |TAMS 0x00000000c4d00000, 0x00000000c4d00000| Untracked 
|  78|0x00000000c4e00000, 0x00000000c4e00000, 0x00000000c4f00000|  0%| F|  |TAMS 0x00000000c4e00000, 0x00000000c4e00000| Untracked 
|  79|0x00000000c4f00000, 0x00000000c4f00000, 0x00000000c5000000|  0%| F|  |TAMS 0x00000000c4f00000, 0x00000000c4f00000| Untracked 
|  80|0x00000000c5000000, 0x00000000c5000000, 0x00000000c5100000|  0%| F|  |TAMS 0x00000000c5000000, 0x00000000c5000000| Untracked 
|  81|0x00000000c5100000, 0x00000000c5100000, 0x00000000c5200000|  0%| F|  |TAMS 0x00000000c5100000, 0x00000000c5100000| Untracked 
|  82|0x00000000c5200000, 0x00000000c5200000, 0x00000000c5300000|  0%| F|  |TAMS 0x00000000c5200000, 0x00000000c5200000| Untracked 
|  83|0x00000000c5300000, 0x00000000c5328f88, 0x00000000c5400000| 16%| E|  |TAMS 0x00000000c5300000, 0x00000000c5300000| Complete 

Card table byte_map: [0x0000026e0a060000,0x0000026e0a260000] _byte_map_base: 0x0000026e09a60000

Marking Bits (Prev, Next): (CMBitMap*) 0x0000026e03ed5ff0, (CMBitMap*) 0x0000026e03ed5fb0
 Prev Bits: [0x0000026e0b460000, 0x0000026e0c460000)
 Next Bits: [0x0000026e0a460000, 0x0000026e0b460000)

Polling page: 0x0000026e03640000

Metaspace:

Usage:
  Non-class:     33.32 MB used.
      Class:      5.08 MB used.
       Both:     38.41 MB used.

Virtual space:
  Non-class space:       64.00 MB reserved,      33.62 MB ( 53%) committed,  1 nodes.
      Class space:        1.00 GB reserved,       5.31 MB ( <1%) committed,  1 nodes.
             Both:        1.06 GB reserved,      38.94 MB (  4%) committed. 

Chunk freelists:
   Non-Class:  14.21 MB
       Class:  10.72 MB
        Both:  24.94 MB

MaxMetaspaceSize: unlimited
CompressedClassSpaceSize: 1.00 GB
Initial GC threshold: 21.00 MB
Current GC threshold: 64.94 MB
CDS: off
MetaspaceReclaimPolicy: balanced
 - commit_granule_bytes: 65536.
 - commit_granule_words: 8192.
 - virtual_space_node_default_size: 8388608.
 - enlarge_chunks_in_place: 1.
 - new_chunks_are_fully_committed: 0.
 - uncommit_free_chunks: 1.
 - use_allocation_guard: 0.
 - handle_deallocations: 1.


Internal statistics:

num_allocs_failed_limit: 6.
num_arena_births: 518.
num_arena_deaths: 158.
num_vsnodes_births: 2.
num_vsnodes_deaths: 0.
num_space_committed: 623.
num_space_uncommitted: 0.
num_chunks_returned_to_freelist: 177.
num_chunks_taken_from_freelist: 1691.
num_chunk_merges: 53.
num_chunk_splits: 1155.
num_chunks_enlarged: 892.
num_inconsistent_stats: 0.

CodeCache: size=49152Kb used=6904Kb max_used=8489Kb free=42247Kb
 bounds [0x0000026e06b20000, 0x0000026e07370000, 0x0000026e09b20000]
 total_blobs=4281 nmethods=3735 adapters=473
 compilation: enabled
              stopped_count=0, restarted_count=0
 full_count=0

Compilation events (20 events):
Event: 1123.279 Thread 0x0000026e0f14e960 nmethod 3726 0x0000026e06cafe90 code [0x0000026e06cb0020, 0x0000026e06cb00d8]
Event: 1143.583 Thread 0x0000026e0f14e960 3727       1       java.util.concurrent.locks.ReentrantLock::lockInterruptibly (8 bytes)
Event: 1143.583 Thread 0x0000026e0f14e960 nmethod 3727 0x0000026e06caf910 code [0x0000026e06cafae0, 0x0000026e06cafcf8]
Event: 1143.583 Thread 0x0000026e0f14e960 3728       1       java.util.concurrent.locks.ReentrantLock$Sync::lockInterruptibly (27 bytes)
Event: 1143.583 Thread 0x0000026e0f14e960 nmethod 3728 0x0000026e06caf390 code [0x0000026e06caf560, 0x0000026e06caf778]
Event: 1153.822 Thread 0x0000026e0f14e960 3729       1       java.util.concurrent.locks.AbstractQueuedSynchronizer$ConditionNode::<init> (5 bytes)
Event: 1153.822 Thread 0x0000026e0f14e960 nmethod 3729 0x0000026e06caf090 code [0x0000026e06caf220, 0x0000026e06caf2d8]
Event: 1153.822 Thread 0x0000026e0f14e960 3730       1       java.util.concurrent.locks.AbstractQueuedSynchronizer$ConditionObject::enableWait (84 bytes)
Event: 1153.823 Thread 0x0000026e0f14e960 nmethod 3730 0x0000026e06cae890 code [0x0000026e06caea80, 0x0000026e06caee78]
Event: 1153.823 Thread 0x0000026e0f14e960 3731       1       java.util.concurrent.locks.AbstractQueuedSynchronizer$Node::setStatusRelaxed (12 bytes)
Event: 1153.823 Thread 0x0000026e0f14e960 nmethod 3731 0x0000026e06cae590 code [0x0000026e06cae720, 0x0000026e06cae7f8]
Event: 1163.829 Thread 0x0000026e0f14e960 3732   !   1       java.lang.ProcessBuilder::start (430 bytes)
Event: 1163.833 Thread 0x0000026e0f14e960 nmethod 3732 0x0000026e06cac810 code [0x0000026e06cacba0, 0x0000026e06cadba8]
Event: 1165.163 Thread 0x0000026e0f14e960 3733       1       java.util.concurrent.locks.AbstractQueuedSynchronizer$ConditionObject::signal (34 bytes)
Event: 1165.163 Thread 0x0000026e0f14e960 nmethod 3733 0x0000026e06cac390 code [0x0000026e06cac540, 0x0000026e06cac708]
Event: 1169.335 Thread 0x0000026e0f14e960 3734       1       java.lang.ThreadLocal$ThreadLocalMap::getEntryAfterMiss (59 bytes)
Event: 1169.335 Thread 0x0000026e0f14e960 nmethod 3734 0x0000026e06cabe10 code [0x0000026e06cabfe0, 0x0000026e06cac228]
Event: 1174.116 Thread 0x0000026e0f14e960 3735       1       java.util.concurrent.locks.ReentrantLock$NonfairSync::tryAcquire (27 bytes)
Event: 1174.117 Thread 0x0000026e0f14e960 nmethod 3735 0x0000026e06caba90 code [0x0000026e06cabc20, 0x0000026e06cabd98]
Event: 1174.178 Thread 0x0000026e0f14e960 3736       1       java.lang.ThreadLocal::setInitialValue (50 bytes)

GC Heap History (20 events):
Event: 1001.291 GC heap before
{Heap before GC invocations=102 (full 93):
 garbage-first heap   total 86016K, used 24632K [0x00000000c0000000, 0x0000000100000000)
  region size 1024K, 1 young (1024K), 0 survivors (0K)
 Metaspace       used 39304K, committed 39872K, reserved 1114112K
  class space    used 5199K, committed 5440K, reserved 1048576K
}
Event: 1001.323 GC heap after
{Heap after GC invocations=103 (full 94):
 garbage-first heap   total 86016K, used 24632K [0x00000000c0000000, 0x0000000100000000)
  region size 1024K, 0 young (0K), 0 survivors (0K)
 Metaspace       used 39304K, committed 39872K, reserved 1114112K
  class space    used 5199K, committed 5440K, reserved 1048576K
}
Event: 1051.645 GC heap before
{Heap before GC invocations=103 (full 94):
 garbage-first heap   total 86016K, used 26680K [0x00000000c0000000, 0x0000000100000000)
  region size 1024K, 3 young (3072K), 0 survivors (0K)
 Metaspace       used 39332K, committed 39872K, reserved 1114112K
  class space    used 5207K, committed 5440K, reserved 1048576K
}
Event: 1051.678 GC heap after
{Heap after GC invocations=104 (full 95):
 garbage-first heap   total 86016K, used 25004K [0x00000000c0000000, 0x0000000100000000)
  region size 1024K, 0 young (0K), 0 survivors (0K)
 Metaspace       used 39332K, committed 39872K, reserved 1114112K
  class space    used 5207K, committed 5440K, reserved 1048576K
}
Event: 1061.969 GC heap before
{Heap before GC invocations=104 (full 95):
 garbage-first heap   total 86016K, used 25004K [0x00000000c0000000, 0x0000000100000000)
  region size 1024K, 1 young (1024K), 0 survivors (0K)
 Metaspace       used 39332K, committed 39872K, reserved 1114112K
  class space    used 5207K, committed 5440K, reserved 1048576K
}
Event: 1062.003 GC heap after
{Heap after GC invocations=105 (full 96):
 garbage-first heap   total 86016K, used 25004K [0x00000000c0000000, 0x0000000100000000)
  region size 1024K, 0 young (0K), 0 survivors (0K)
 Metaspace       used 39332K, committed 39872K, reserved 1114112K
  class space    used 5207K, committed 5440K, reserved 1048576K
}
Event: 1072.283 GC heap before
{Heap before GC invocations=105 (full 96):
 garbage-first heap   total 86016K, used 25004K [0x00000000c0000000, 0x0000000100000000)
  region size 1024K, 1 young (1024K), 0 survivors (0K)
 Metaspace       used 39332K, committed 39872K, reserved 1114112K
  class space    used 5207K, committed 5440K, reserved 1048576K
}
Event: 1072.319 GC heap after
{Heap after GC invocations=106 (full 97):
 garbage-first heap   total 86016K, used 24693K [0x00000000c0000000, 0x0000000100000000)
  region size 1024K, 0 young (0K), 0 survivors (0K)
 Metaspace       used 39327K, committed 39872K, reserved 1114112K
  class space    used 5205K, committed 5440K, reserved 1048576K
}
Event: 1082.605 GC heap before
{Heap before GC invocations=106 (full 97):
 garbage-first heap   total 86016K, used 24693K [0x00000000c0000000, 0x0000000100000000)
  region size 1024K, 1 young (1024K), 0 survivors (0K)
 Metaspace       used 39327K, committed 39872K, reserved 1114112K
  class space    used 5205K, committed 5440K, reserved 1048576K
}
Event: 1082.638 GC heap after
{Heap after GC invocations=107 (full 98):
 garbage-first heap   total 86016K, used 24690K [0x00000000c0000000, 0x0000000100000000)
  region size 1024K, 0 young (0K), 0 survivors (0K)
 Metaspace       used 39327K, committed 39872K, reserved 1114112K
  class space    used 5205K, committed 5440K, reserved 1048576K
}
Event: 1092.926 GC heap before
{Heap before GC invocations=107 (full 98):
 garbage-first heap   total 86016K, used 24690K [0x00000000c0000000, 0x0000000100000000)
  region size 1024K, 1 young (1024K), 0 survivors (0K)
 Metaspace       used 39327K, committed 39872K, reserved 1114112K
  class space    used 5205K, committed 5440K, reserved 1048576K
}
Event: 1092.959 GC heap after
{Heap after GC invocations=108 (full 99):
 garbage-first heap   total 86016K, used 24690K [0x00000000c0000000, 0x0000000100000000)
  region size 1024K, 0 young (0K), 0 survivors (0K)
 Metaspace       used 39327K, committed 39872K, reserved 1114112K
  class space    used 5205K, committed 5440K, reserved 1048576K
}
Event: 1103.232 GC heap before
{Heap before GC invocations=108 (full 99):
 garbage-first heap   total 86016K, used 24690K [0x00000000c0000000, 0x0000000100000000)
  region size 1024K, 1 young (1024K), 0 survivors (0K)
 Metaspace       used 39327K, committed 39872K, reserved 1114112K
  class space    used 5205K, committed 5440K, reserved 1048576K
}
Event: 1103.260 GC heap after
{Heap after GC invocations=109 (full 100):
 garbage-first heap   total 86016K, used 24690K [0x00000000c0000000, 0x0000000100000000)
  region size 1024K, 0 young (0K), 0 survivors (0K)
 Metaspace       used 39327K, committed 39872K, reserved 1114112K
  class space    used 5205K, committed 5440K, reserved 1048576K
}
Event: 1143.547 GC heap before
{Heap before GC invocations=109 (full 100):
 garbage-first heap   total 86016K, used 24690K [0x00000000c0000000, 0x0000000100000000)
  region size 1024K, 1 young (1024K), 0 survivors (0K)
 Metaspace       used 39327K, committed 39872K, reserved 1114112K
  class space    used 5205K, committed 5440K, reserved 1048576K
}
Event: 1143.582 GC heap after
{Heap after GC invocations=110 (full 101):
 garbage-first heap   total 86016K, used 24690K [0x00000000c0000000, 0x0000000100000000)
  region size 1024K, 0 young (0K), 0 survivors (0K)
 Metaspace       used 39327K, committed 39872K, reserved 1114112K
  class space    used 5205K, committed 5440K, reserved 1048576K
}
Event: 1153.792 GC heap before
{Heap before GC invocations=110 (full 101):
 garbage-first heap   total 86016K, used 24690K [0x00000000c0000000, 0x0000000100000000)
  region size 1024K, 1 young (1024K), 0 survivors (0K)
 Metaspace       used 39327K, committed 39872K, reserved 1114112K
  class space    used 5205K, committed 5440K, reserved 1048576K
}
Event: 1153.822 GC heap after
{Heap after GC invocations=111 (full 102):
 garbage-first heap   total 86016K, used 24690K [0x00000000c0000000, 0x0000000100000000)
  region size 1024K, 0 young (0K), 0 survivors (0K)
 Metaspace       used 39327K, committed 39872K, reserved 1114112K
  class space    used 5205K, committed 5440K, reserved 1048576K
}
Event: 1164.078 GC heap before
{Heap before GC invocations=111 (full 102):
 garbage-first heap   total 86016K, used 24690K [0x00000000c0000000, 0x0000000100000000)
  region size 1024K, 1 young (1024K), 0 survivors (0K)
 Metaspace       used 39327K, committed 39872K, reserved 1114112K
  class space    used 5205K, committed 5440K, reserved 1048576K
}
Event: 1164.107 GC heap after
{Heap after GC invocations=112 (full 103):
 garbage-first heap   total 86016K, used 24691K [0x00000000c0000000, 0x0000000100000000)
  region size 1024K, 0 young (0K), 0 survivors (0K)
 Metaspace       used 39327K, committed 39872K, reserved 1114112K
  class space    used 5205K, committed 5440K, reserved 1048576K
}

Dll operation events (8 events):
Event: 0.012 Loaded shared library c:\Users\hii\.vscode\extensions\redhat.java-1.32.0-win32-x64\jre\17.0.11-win32-x86_64\bin\java.dll
Event: 0.364 Loaded shared library C:\Users\hii\.vscode\extensions\redhat.java-1.32.0-win32-x64\jre\17.0.11-win32-x86_64\bin\net.dll
Event: 0.367 Loaded shared library C:\Users\hii\.vscode\extensions\redhat.java-1.32.0-win32-x64\jre\17.0.11-win32-x86_64\bin\nio.dll
Event: 0.383 Loaded shared library C:\Users\hii\.vscode\extensions\redhat.java-1.32.0-win32-x64\jre\17.0.11-win32-x86_64\bin\zip.dll
Event: 0.847 Loaded shared library C:\Users\hii\.vscode\extensions\redhat.java-1.32.0-win32-x64\jre\17.0.11-win32-x86_64\bin\jimage.dll
Event: 2.570 Loaded shared library c:\Users\hii\.vscode\extensions\redhat.java-1.32.0-win32-x64\jre\17.0.11-win32-x86_64\bin\verify.dll
Event: 5.276 Loaded shared library C:\Users\hii\.vscode\extensions\redhat.java-1.32.0-win32-x64\jre\17.0.11-win32-x86_64\bin\management.dll
Event: 5.279 Loaded shared library C:\Users\hii\.vscode\extensions\redhat.java-1.32.0-win32-x64\jre\17.0.11-win32-x86_64\bin\management_ext.dll

Deoptimization events (6 events):
Event: 5.707 Thread 0x0000026e148fab90 DEOPT PACKING pc=0x0000026e070ec781 sp=0x000000a6586fdd90
Event: 5.707 Thread 0x0000026e148fab90 DEOPT UNPACKING pc=0x0000026e06b77143 sp=0x000000a6586fd220 mode 3
Event: 5.708 Thread 0x0000026e0f361b50 DEOPT PACKING pc=0x0000026e070cee17 sp=0x000000a6588ff190
Event: 5.708 Thread 0x0000026e0f361b50 DEOPT UNPACKING pc=0x0000026e06b77143 sp=0x000000a6588fe5e8 mode 3
Event: 1007.501 Thread 0x0000026e148fab90 DEOPT PACKING pc=0x0000026e071c0054 sp=0x000000a6586fef70
Event: 1007.501 Thread 0x0000026e148fab90 DEOPT UNPACKING pc=0x0000026e06b77143 sp=0x000000a6586fe418 mode 0

Classes unloaded (20 events):
Event: 86.727 Thread 0x0000026e0f1610b0 Unloading class 0x000000010008e400 'java/lang/invoke/LambdaForm$MH+0x000000010008e400'
Event: 86.727 Thread 0x0000026e0f1610b0 Unloading class 0x000000010008e000 'java/lang/invoke/LambdaForm$MH+0x000000010008e000'
Event: 86.727 Thread 0x0000026e0f1610b0 Unloading class 0x000000010008dc00 'java/lang/invoke/LambdaForm$MH+0x000000010008dc00'
Event: 86.727 Thread 0x0000026e0f1610b0 Unloading class 0x000000010008d800 'java/lang/invoke/LambdaForm$MH+0x000000010008d800'
Event: 86.727 Thread 0x0000026e0f1610b0 Unloading class 0x000000010008d400 'java/lang/invoke/LambdaForm$MH+0x000000010008d400'
Event: 86.727 Thread 0x0000026e0f1610b0 Unloading class 0x000000010008cc00 'java/lang/invoke/LambdaForm$MH+0x000000010008cc00'
Event: 86.727 Thread 0x0000026e0f1610b0 Unloading class 0x000000010008c800 'java/lang/invoke/LambdaForm$MH+0x000000010008c800'
Event: 86.727 Thread 0x0000026e0f1610b0 Unloading class 0x000000010008c000 'java/lang/invoke/LambdaForm$MH+0x000000010008c000'
Event: 86.727 Thread 0x0000026e0f1610b0 Unloading class 0x000000010008bc00 'java/lang/invoke/LambdaForm$MH+0x000000010008bc00'
Event: 86.727 Thread 0x0000026e0f1610b0 Unloading class 0x000000010008ac00 'java/lang/invoke/LambdaForm$MH+0x000000010008ac00'
Event: 86.727 Thread 0x0000026e0f1610b0 Unloading class 0x000000010008a400 'java/lang/invoke/LambdaForm$MH+0x000000010008a400'
Event: 86.727 Thread 0x0000026e0f1610b0 Unloading class 0x000000010008a000 'java/lang/invoke/LambdaForm$MH+0x000000010008a000'
Event: 86.727 Thread 0x0000026e0f1610b0 Unloading class 0x0000000100089c00 'java/lang/invoke/LambdaForm$MH+0x0000000100089c00'
Event: 86.727 Thread 0x0000026e0f1610b0 Unloading class 0x0000000100089800 'java/lang/invoke/LambdaForm$MH+0x0000000100089800'
Event: 86.727 Thread 0x0000026e0f1610b0 Unloading class 0x0000000100089400 'java/lang/invoke/LambdaForm$MH+0x0000000100089400'
Event: 86.727 Thread 0x0000026e0f1610b0 Unloading class 0x0000000100088c00 'java/lang/invoke/LambdaForm$MH+0x0000000100088c00'
Event: 86.727 Thread 0x0000026e0f1610b0 Unloading class 0x0000000100088400 'java/lang/invoke/LambdaForm$MH+0x0000000100088400'
Event: 1072.300 Thread 0x0000026e0f1610b0 Unloading class 0x000000010048c400 'java/lang/invoke/LambdaForm$MH+0x000000010048c400'
Event: 1072.300 Thread 0x0000026e0f1610b0 Unloading class 0x0000000100520400 'java/lang/invoke/LambdaForm$MH+0x0000000100520400'
Event: 1072.300 Thread 0x0000026e0f1610b0 Unloading class 0x0000000100554000 'java/lang/invoke/LambdaForm$MH+0x0000000100554000'

Classes redefined (0 events):
No events

Internal exceptions (20 events):
Event: 3.923 Thread 0x0000026e03e99060 Exception <a 'java/lang/NoSuchMethodError'{0x00000000c41818c0}: 'java.lang.Object java.lang.invoke.DirectMethodHandle$Holder.invokeSpecial(java.lang.Object, java.lang.Object, int, java.lang.Object, java.lang.Object)'> (0x00000000c41818c0) 
thrown [s\src\hotspot\share\interpreter\linkResolver.cpp, line 759]
Event: 3.923 Thread 0x0000026e03e99060 Exception <a 'java/lang/NoSuchMethodError'{0x00000000c4185568}: 'java.lang.Object java.lang.invoke.DelegatingMethodHandle$Holder.delegate(java.lang.Object, int, java.lang.Object, java.lang.Object)'> (0x00000000c4185568) 
thrown [s\src\hotspot\share\interpreter\linkResolver.cpp, line 759]
Event: 3.925 Thread 0x0000026e03e99060 Exception <a 'java/lang/NoSuchMethodError'{0x00000000c41963f0}: 'int java.lang.invoke.Invokers$Holder.linkToTargetMethod(java.lang.Object, java.lang.Object, java.lang.Object)'> (0x00000000c41963f0) 
thrown [s\src\hotspot\share\interpreter\linkResolver.cpp, line 759]
Event: 4.056 Thread 0x0000026e03e99060 Exception <a 'java/lang/NoSuchMethodError'{0x00000000c3c536e8}: 'java.lang.Object java.lang.invoke.DirectMethodHandle$Holder.invokeStaticInit(java.lang.Object, int, int, int, int)'> (0x00000000c3c536e8) 
thrown [s\src\hotspot\share\interpreter\linkResolver.cpp, line 759]
Event: 4.151 Thread 0x0000026e03e99060 Exception <a 'java/lang/NoSuchMethodError'{0x00000000c3cc8c68}: 'java.lang.Object java.lang.invoke.DirectMethodHandle$Holder.invokeStaticInit(java.lang.Object, java.lang.Object, int, int, int, int)'> (0x00000000c3cc8c68) 
thrown [s\src\hotspot\share\interpreter\linkResolver.cpp, line 759]
Event: 4.370 Thread 0x0000026e03e99060 Exception <a 'java/lang/NoSuchMethodError'{0x00000000c335a0c8}: 'void java.lang.invoke.DirectMethodHandle$Holder.invokeSpecialIFC(java.lang.Object, java.lang.Object, java.lang.Object)'> (0x00000000c335a0c8) 
thrown [s\src\hotspot\share\interpreter\linkResolver.cpp, line 759]
Event: 4.779 Thread 0x0000026e03e99060 Exception <a 'java/lang/NoSuchMethodError'{0x00000000c3eed088}: 'int java.lang.invoke.DirectMethodHandle$Holder.invokeStaticInit(java.lang.Object, java.lang.Object, int, java.lang.Object)'> (0x00000000c3eed088) 
thrown [s\src\hotspot\share\interpreter\linkResolver.cpp, line 759]
Event: 4.829 Thread 0x0000026e03e99060 Exception <a 'java/lang/NoSuchMethodError'{0x00000000c3c12d88}: 'void java.lang.invoke.DirectMethodHandle$Holder.invokeSpecial(java.lang.Object, java.lang.Object, java.lang.Object, java.lang.Object, java.lang.Object, java.lang.Object, java.lang.Object)'> (0x00000000c3c12d88) 
thrown [s\src\hotspot\share\interpreter\linkResolver.cpp, line 759]
Event: 5.047 Thread 0x0000026e03e99060 Exception <a 'java/lang/NoSuchMethodError'{0x00000000c3739308}: 'java.lang.Object java.lang.invoke.DirectMethodHandle$Holder.invokeInterface(java.lang.Object, java.lang.Object, int)'> (0x00000000c3739308) 
thrown [s\src\hotspot\share\interpreter\linkResolver.cpp, line 759]
Event: 5.049 Thread 0x0000026e03e99060 Exception <a 'java/lang/IncompatibleClassChangeError'{0x00000000c3750038}: Found class java.lang.Object, but interface was expected> (0x00000000c3750038) 
thrown [s\src\hotspot\share\interpreter\linkResolver.cpp, line 826]
Event: 5.265 Thread 0x0000026e03e99060 Exception <a 'java/lang/NoSuchMethodError'{0x00000000c5d67ed0}: 'java.lang.Object java.lang.invoke.DirectMethodHandle$Holder.newInvokeSpecial(java.lang.Object, java.lang.Object, int, java.lang.Object, java.lang.Object)'> (0x00000000c5d67ed0) 
thrown [s\src\hotspot\share\interpreter\linkResolver.cpp, line 759]
Event: 5.266 Thread 0x0000026e03e99060 Exception <a 'java/lang/NoSuchMethodError'{0x00000000c5d7b5a8}: 'java.lang.Object java.lang.invoke.DirectMethodHandle$Holder.invokeSpecial(java.lang.Object, java.lang.Object, int, java.lang.Object, int, java.lang.Object)'> (0x00000000c5d7b5a8) 
thrown [s\src\hotspot\share\interpreter\linkResolver.cpp, line 759]
Event: 5.267 Thread 0x0000026e03e99060 Exception <a 'java/lang/NoSuchMethodError'{0x00000000c5d833f8}: 'java.lang.Object java.lang.invoke.DirectMethodHandle$Holder.newInvokeSpecial(java.lang.Object, java.lang.Object, int, java.lang.Object, int)'> (0x00000000c5d833f8) 
thrown [s\src\hotspot\share\interpreter\linkResolver.cpp, line 759]
Event: 5.267 Thread 0x0000026e03e99060 Exception <a 'java/lang/NoSuchMethodError'{0x00000000c5d874f8}: 'java.lang.Object java.lang.invoke.DirectMethodHandle$Holder.invokeSpecial(java.lang.Object, java.lang.Object, java.lang.Object, int, java.lang.Object, int)'> (0x00000000c5d874f8) 
thrown [s\src\hotspot\share\interpreter\linkResolver.cpp, line 759]
Event: 5.609 Thread 0x0000026e140277e0 Exception <a 'java/lang/NoSuchMethodError'{0x00000000c52b9900}: 'java.lang.Object java.lang.invoke.DirectMethodHandle$Holder.invokeStatic(java.lang.Object, int, java.lang.Object)'> (0x00000000c52b9900) 
thrown [s\src\hotspot\share\interpreter\linkResolver.cpp, line 759]
Event: 5.650 Thread 0x0000026e148fab90 Exception <a 'java/lang/NoSuchMethodError'{0x00000000c5153d00}: 'java.lang.Object java.lang.invoke.DirectMethodHandle$Holder.invokeStatic(java.lang.Object, java.lang.Object, java.lang.Object, int, java.lang.Object, java.lang.Object)'> (0x00000000c5153d00) 
thrown [s\src\hotspot\share\interpreter\linkResolver.cpp, line 759]
Event: 6.366 Thread 0x0000026e1411d450 Exception <a 'java/lang/NoSuchMethodError'{0x00000000c4728488}: 'int java.lang.invoke.DirectMethodHandle$Holder.invokeStatic(java.lang.Object)'> (0x00000000c4728488) 
thrown [s\src\hotspot\share\interpreter\linkResolver.cpp, line 759]
Event: 6.366 Thread 0x0000026e1411d450 Exception <a 'java/lang/NoSuchMethodError'{0x00000000c472b888}: 'int java.lang.invoke.DirectMethodHandle$Holder.invokeStaticInit(java.lang.Object)'> (0x00000000c472b888) 
thrown [s\src\hotspot\share\interpreter\linkResolver.cpp, line 759]
Event: 45.300 Thread 0x0000026e14abd4b0 Exception <a 'java/lang/NoSuchMethodError'{0x00000000c5e82aa8}: 'void java.lang.invoke.DirectMethodHandle$Holder.invokeStatic(java.lang.Object, long)'> (0x00000000c5e82aa8) 
thrown [s\src\hotspot\share\interpreter\linkResolver.cpp, line 759]
Event: 45.300 Thread 0x0000026e14abd4b0 Exception <a 'java/lang/NoSuchMethodError'{0x00000000c5e87e50}: 'java.lang.Object java.lang.invoke.DirectMethodHandle$Holder.newInvokeSpecial(java.lang.Object, long)'> (0x00000000c5e87e50) 
thrown [s\src\hotspot\share\interpreter\linkResolver.cpp, line 759]

VM Operations (20 events):
Event: 1066.038 Executing VM operation: Cleanup done
Event: 1072.283 Executing VM operation: G1CollectFull
Event: 1072.319 Executing VM operation: G1CollectFull done
Event: 1082.605 Executing VM operation: G1CollectFull
Event: 1082.639 Executing VM operation: G1CollectFull done
Event: 1092.926 Executing VM operation: G1CollectFull
Event: 1092.959 Executing VM operation: G1CollectFull done
Event: 1103.232 Executing VM operation: G1CollectFull
Event: 1103.260 Executing VM operation: G1CollectFull done
Event: 1110.311 Executing VM operation: Cleanup
Event: 1110.311 Executing VM operation: Cleanup done
Event: 1143.547 Executing VM operation: G1CollectFull
Event: 1143.582 Executing VM operation: G1CollectFull done
Event: 1153.792 Executing VM operation: G1CollectFull
Event: 1153.822 Executing VM operation: G1CollectFull done
Event: 1164.078 Executing VM operation: G1CollectFull
Event: 1164.107 Executing VM operation: G1CollectFull done
Event: 1170.163 Executing VM operation: Cleanup
Event: 1170.163 Executing VM operation: Cleanup done
Event: 1174.178 Executing VM operation: G1CollectFull

Events (20 events):
Event: 45.301 loading class java/lang/ProcessImpl$2
Event: 45.301 loading class java/lang/ProcessImpl$2 done
Event: 45.301 loading class java/lang/Process$PipeInputStream
Event: 45.301 loading class java/lang/Process$PipeInputStream done
Event: 45.302 loading class jdk/internal/event/ProcessStartEvent
Event: 45.302 loading class jdk/internal/event/ProcessStartEvent done
Event: 45.588 loading class java/io/FileOutputStream$1
Event: 45.588 loading class java/io/FileOutputStream$1 done
Event: 65.748 Thread 0x0000026e14116f10 Thread exited: 0x0000026e14116f10
Event: 65.778 Thread 0x0000026e1411b5f0 Thread exited: 0x0000026e1411b5f0
Event: 66.510 Thread 0x0000026e0f362060 Thread exited: 0x0000026e0f362060
Event: 1007.502 Thread 0x0000026e141164f0 Thread added: 0x0000026e141164f0
Event: 1014.808 Thread 0x0000026e14118d70 Thread added: 0x0000026e14118d70
Event: 1014.837 Thread 0x0000026e1411de70 Thread added: 0x0000026e1411de70
Event: 1014.838 Thread 0x0000026e1411c010 Thread added: 0x0000026e1411c010
Event: 1074.920 Thread 0x0000026e1411de70 Thread exited: 0x0000026e1411de70
Event: 1075.152 Thread 0x0000026e1411c010 Thread exited: 0x0000026e1411c010
Event: 1076.853 Thread 0x0000026e141164f0 Thread exited: 0x0000026e141164f0
Event: 1109.330 Thread 0x0000026e1411cf40 Thread added: 0x0000026e1411cf40
Event: 1169.335 Thread 0x0000026e1411cf40 Thread exited: 0x0000026e1411cf40


Dynamic libraries:
0x00007ff6aade0000 - 0x00007ff6aadee000 	c:\Users\hii\.vscode\extensions\redhat.java-1.32.0-win32-x64\jre\17.0.11-win32-x86_64\bin\java.exe
0x00007fffe1190000 - 0x00007fffe13a7000 	C:\WINDOWS\SYSTEM32\ntdll.dll
0x00007fffe03d0000 - 0x00007fffe0494000 	C:\WINDOWS\System32\KERNEL32.DLL
0x00007fffde740000 - 0x00007fffdeaec000 	C:\WINDOWS\System32\KERNELBASE.dll
0x00007fffde560000 - 0x00007fffde671000 	C:\WINDOWS\System32\ucrtbase.dll
0x00007fffd0950000 - 0x00007fffd096b000 	c:\Users\hii\.vscode\extensions\redhat.java-1.32.0-win32-x64\jre\17.0.11-win32-x86_64\bin\VCRUNTIME140.dll
0x00007fffd0c50000 - 0x00007fffd0c67000 	c:\Users\hii\.vscode\extensions\redhat.java-1.32.0-win32-x64\jre\17.0.11-win32-x86_64\bin\jli.dll
0x00007fffe0b50000 - 0x00007fffe0cfe000 	C:\WINDOWS\System32\USER32.dll
0x00007fffde4c0000 - 0x00007fffde4e6000 	C:\WINDOWS\System32\win32u.dll
0x00007fffb9730000 - 0x00007fffb99c3000 	C:\WINDOWS\WinSxS\amd64_microsoft.windows.common-controls_6595b64144ccf1df_6.0.22621.3672_none_2713b9d173822955\COMCTL32.dll
0x00007fffdfb30000 - 0x00007fffdfb59000 	C:\WINDOWS\System32\GDI32.dll
0x00007fffe05e0000 - 0x00007fffe0687000 	C:\WINDOWS\System32\msvcrt.dll
0x00007fffdeb70000 - 0x00007fffdec89000 	C:\WINDOWS\System32\gdi32full.dll
0x00007fffdee00000 - 0x00007fffdee9a000 	C:\WINDOWS\System32\msvcp_win.dll
0x00007fffe1110000 - 0x00007fffe1141000 	C:\WINDOWS\System32\IMM32.DLL
0x00007fffd1c50000 - 0x00007fffd1c5c000 	c:\Users\hii\.vscode\extensions\redhat.java-1.32.0-win32-x64\jre\17.0.11-win32-x86_64\bin\vcruntime140_1.dll
0x00007fffa42a0000 - 0x00007fffa432d000 	c:\Users\hii\.vscode\extensions\redhat.java-1.32.0-win32-x64\jre\17.0.11-win32-x86_64\bin\msvcp140.dll
0x00007fff6efe0000 - 0x00007fff6fc42000 	c:\Users\hii\.vscode\extensions\redhat.java-1.32.0-win32-x64\jre\17.0.11-win32-x86_64\bin\server\jvm.dll
0x00007fffe0520000 - 0x00007fffe05d2000 	C:\WINDOWS\System32\ADVAPI32.dll
0x00007fffdfa00000 - 0x00007fffdfaaa000 	C:\WINDOWS\System32\sechost.dll
0x00007fffdeea0000 - 0x00007fffdeec8000 	C:\WINDOWS\System32\bcrypt.dll
0x00007fffe07f0000 - 0x00007fffe0905000 	C:\WINDOWS\System32\RPCRT4.dll
0x00007fffc3ad0000 - 0x00007fffc3ad9000 	C:\WINDOWS\SYSTEM32\WSOCK32.dll
0x00007fffdd310000 - 0x00007fffdd35d000 	C:\WINDOWS\SYSTEM32\POWRPROF.dll
0x00007fffd88c0000 - 0x00007fffd88f4000 	C:\WINDOWS\SYSTEM32\WINMM.dll
0x00007fffe1090000 - 0x00007fffe1101000 	C:\WINDOWS\System32\WS2_32.dll
0x00007fffd7520000 - 0x00007fffd752a000 	C:\WINDOWS\SYSTEM32\VERSION.dll
0x00007fffdd2f0000 - 0x00007fffdd303000 	C:\WINDOWS\SYSTEM32\UMPDC.dll
0x00007fffdd5a0000 - 0x00007fffdd5b8000 	C:\WINDOWS\SYSTEM32\kernel.appcore.dll
0x00007fffd0e20000 - 0x00007fffd0e2a000 	c:\Users\hii\.vscode\extensions\redhat.java-1.32.0-win32-x64\jre\17.0.11-win32-x86_64\bin\jimage.dll
0x00007fffdc010000 - 0x00007fffdc242000 	C:\WINDOWS\SYSTEM32\DBGHELP.DLL
0x00007fffe0d00000 - 0x00007fffe1088000 	C:\WINDOWS\System32\combase.dll
0x00007fffdeed0000 - 0x00007fffdefa7000 	C:\WINDOWS\System32\OLEAUT32.dll
0x00007fffd1ab0000 - 0x00007fffd1ae2000 	C:\WINDOWS\SYSTEM32\dbgcore.DLL
0x00007fffdeaf0000 - 0x00007fffdeb6b000 	C:\WINDOWS\System32\bcryptPrimitives.dll
0x00007fffca9f0000 - 0x00007fffcaa15000 	c:\Users\hii\.vscode\extensions\redhat.java-1.32.0-win32-x64\jre\17.0.11-win32-x86_64\bin\java.dll
0x00007fffcd1e0000 - 0x00007fffcd1f8000 	c:\Users\hii\.vscode\extensions\redhat.java-1.32.0-win32-x64\jre\17.0.11-win32-x86_64\bin\zip.dll
0x00007fffdfb70000 - 0x00007fffe03cc000 	C:\WINDOWS\System32\SHELL32.dll
0x00007fffdc3d0000 - 0x00007fffdccc7000 	C:\WINDOWS\SYSTEM32\windows.storage.dll
0x00007fffdc290000 - 0x00007fffdc3cf000 	C:\WINDOWS\SYSTEM32\wintypes.dll
0x00007fffdf320000 - 0x00007fffdf414000 	C:\WINDOWS\System32\SHCORE.dll
0x00007fffe0940000 - 0x00007fffe099e000 	C:\WINDOWS\System32\shlwapi.dll
0x00007fffde3f0000 - 0x00007fffde411000 	C:\WINDOWS\SYSTEM32\profapi.dll
0x00007fffccf60000 - 0x00007fffccf79000 	C:\Users\hii\.vscode\extensions\redhat.java-1.32.0-win32-x64\jre\17.0.11-win32-x86_64\bin\net.dll
0x00007fffd9c10000 - 0x00007fffd9d46000 	C:\WINDOWS\SYSTEM32\WINHTTP.dll
0x00007fffdda10000 - 0x00007fffdda79000 	C:\WINDOWS\system32\mswsock.dll
0x00007fffc9ff0000 - 0x00007fffca006000 	C:\Users\hii\.vscode\extensions\redhat.java-1.32.0-win32-x64\jre\17.0.11-win32-x86_64\bin\nio.dll
0x00007fffd09d0000 - 0x00007fffd09e0000 	c:\Users\hii\.vscode\extensions\redhat.java-1.32.0-win32-x64\jre\17.0.11-win32-x86_64\bin\verify.dll
0x00007fffddc30000 - 0x00007fffddc4b000 	C:\WINDOWS\SYSTEM32\CRYPTSP.dll
0x00007fffdd500000 - 0x00007fffdd535000 	C:\WINDOWS\system32\rsaenh.dll
0x00007fffddad0000 - 0x00007fffddaf8000 	C:\WINDOWS\SYSTEM32\USERENV.dll
0x00007fffddc50000 - 0x00007fffddc5c000 	C:\WINDOWS\SYSTEM32\CRYPTBASE.dll
0x00007fffdcfa0000 - 0x00007fffdcfcd000 	C:\WINDOWS\SYSTEM32\IPHLPAPI.DLL
0x00007fffdefb0000 - 0x00007fffdefb9000 	C:\WINDOWS\System32\NSI.dll
0x00007fffd98c0000 - 0x00007fffd98d9000 	C:\WINDOWS\SYSTEM32\dhcpcsvc6.DLL
0x00007fffd96a0000 - 0x00007fffd96bf000 	C:\WINDOWS\SYSTEM32\dhcpcsvc.DLL
0x00007fffdd010000 - 0x00007fffdd108000 	C:\WINDOWS\SYSTEM32\DNSAPI.dll
0x00007fffd0240000 - 0x00007fffd0249000 	C:\Users\hii\.vscode\extensions\redhat.java-1.32.0-win32-x64\jre\17.0.11-win32-x86_64\bin\management.dll
0x00007fffcd0f0000 - 0x00007fffcd0fb000 	C:\Users\hii\.vscode\extensions\redhat.java-1.32.0-win32-x64\jre\17.0.11-win32-x86_64\bin\management_ext.dll
0x00007fffe0930000 - 0x00007fffe0938000 	C:\WINDOWS\System32\PSAPI.DLL

dbghelp: loaded successfully - version: 4.0.5 - missing functions: none
symbol engine: initialized successfully - sym options: 0x614 - pdb path: .;c:\Users\hii\.vscode\extensions\redhat.java-1.32.0-win32-x64\jre\17.0.11-win32-x86_64\bin;C:\WINDOWS\SYSTEM32;C:\WINDOWS\WinSxS\amd64_microsoft.windows.common-controls_6595b64144ccf1df_6.0.22621.3672_none_2713b9d173822955;c:\Users\hii\.vscode\extensions\redhat.java-1.32.0-win32-x64\jre\17.0.11-win32-x86_64\bin\server

VM Arguments:
jvm_args: -Xmx1024m -Dsts.lsp.client=vscode -Dsts.log.file=/dev/null -XX:TieredStopAtLevel=1 -Xlog:jni+resolve=off -Dspring.config.location=file:c:\Users\hii\.vscode\extensions\vmware.vscode-spring-boot-1.55.1\language-server\BOOT-INF\classes\application.properties 
java_command: org.springframework.ide.vscode.boot.app.BootLanguageServerBootApp
java_class_path (initial): c:\Users\hii\.vscode\extensions\vmware.vscode-spring-boot-1.55.1\language-server\BOOT-INF\classes;c:\Users\hii\.vscode\extensions\vmware.vscode-spring-boot-1.55.1\language-server\BOOT-INF\lib\annotations-24.1.0.jar;c:\Users\hii\.vscode\extensions\vmware.vscode-spring-boot-1.55.1\language-server\BOOT-INF\lib\antlr4-runtime-4.13.1.jar;c:\Users\hii\.vscode\extensions\vmware.vscode-spring-boot-1.55.1\language-server\BOOT-INF\lib\asm-9.7.jar;c:\Users\hii\.vscode\extensions\vmware.vscode-spring-boot-1.55.1\language-server\BOOT-INF\lib\asm-analysis-9.7.jar;c:\Users\hii\.vscode\extensions\vmware.vscode-spring-boot-1.55.1\language-server\BOOT-INF\lib\asm-tree-9.7.jar;c:\Users\hii\.vscode\extensions\vmware.vscode-spring-boot-1.55.1\language-server\BOOT-INF\lib\asm-util-9.7.jar;c:\Users\hii\.vscode\extensions\vmware.vscode-spring-boot-1.55.1\language-server\BOOT-INF\lib\caffeine-3.1.8.jar;c:\Users\hii\.vscode\extensions\vmware.vscode-spring-boot-1.55.1\language-server\BOOT-INF\lib\checker-qual-3.12.0.jar;c:\Users\hii\.vscode\extensions\vmware.vscode-spring-boot-1.55.1\language-server\BOOT-INF\lib\classgraph-4.8.149.jar;c:\Users\hii\.vscode\extensions\vmware.vscode-spring-boot-1.55.1\language-server\BOOT-INF\lib\commons-codec-1.16.1.jar;c:\Users\hii\.vscode\extensions\vmware.vscode-spring-boot-1.55.1\language-server\BOOT-INF\lib\commons-compress-1.26.1.jar;c:\Users\hii\.vscode\extensions\vmware.vscode-spring-boot-1.55.1\language-server\BOOT-INF\lib\commons-io-2.16.1.jar;c:\Users\hii\.vscode\extensions\vmware.vscode-spring-boot-1.55.1\language-server\BOOT-INF\lib\commons-java-1.55.1-SNAPSHOT.jar;c:\Users\hii\.vscode\extensions\vmware.vscode-spring-boot-1.55.1\language-server\BOOT-INF\lib\commons-lang3-3.14.0.jar;c:\Users\hii\.vscode\extensions\vmware.vscode-spring-boot-1.55.1\language-server\BOOT-INF\lib\commons-language-server-1.55.1-SNAPSHOT.jar;c:\Users\hii\.vscode\extensions\vmware.vscode-spring-boot-1.55.1\language-server\BOOT-INF\lib\commons-ls
Launcher Type: SUN_STANDARD

[Global flags]
     intx CICompilerCount                          = 4                                         {product} {ergonomic}
     uint ConcGCThreads                            = 3                                         {product} {ergonomic}
     uint G1ConcRefinementThreads                  = 10                                        {product} {ergonomic}
   size_t G1HeapRegionSize                         = 1048576                                   {product} {ergonomic}
    uintx GCDrainStackTargetSize                   = 64                                        {product} {ergonomic}
   size_t InitialHeapSize                          = 232783872                                 {product} {ergonomic}
   size_t MarkStackSize                            = 4194304                                   {product} {ergonomic}
   size_t MaxHeapSize                              = 1073741824                                {product} {command line}
   size_t MaxNewSize                               = 643825664                                 {product} {ergonomic}
   size_t MinHeapDeltaBytes                        = 1048576                                   {product} {ergonomic}
   size_t MinHeapSize                              = 8388608                                   {product} {ergonomic}
    uintx NonProfiledCodeHeapSize                  = 0                                      {pd product} {ergonomic}
     bool ProfileInterpreter                       = false                                  {pd product} {command line}
    uintx ProfiledCodeHeapSize                     = 0                                      {pd product} {ergonomic}
   size_t SoftMaxHeapSize                          = 1073741824                             {manageable} {ergonomic}
     intx TieredStopAtLevel                        = 1                                         {product} {command line}
     bool UseCompressedClassPointers               = true                           {product lp64_product} {ergonomic}
     bool UseCompressedOops                        = true                           {product lp64_product} {ergonomic}
     bool UseG1GC                                  = true                                      {product} {ergonomic}
     bool UseLargePagesIndividualAllocation        = false                                  {pd product} {ergonomic}

Logging:
Log output configuration:
 #0: stdout all=warning,jni+resolve=off uptime,level,tags
 #1: stderr all=off uptime,level,tags

Environment Variables:
PATH=C:\Program Files\Common Files\Oracle\Java\javapath;C:\Program Files (x86)\VMware\VMware Workstation\bin\;C:\WINDOWS\system32;C:\WINDOWS;C:\WINDOWS\System32\Wbem;C:\WINDOWS\System32\WindowsPowerShell\v1.0\;C:\WINDOWS\System32\OpenSSH\;C:\Program Files (x86)\NVIDIA Corporation\PhysX\Common;C:\Program Files\NVIDIA Corporation\NVIDIA NvDLISR;C:\Program Files\Git\cmd;C:\msys64\mingw64\bin;C:\Program Files (x86)\Microsoft SQL Server\160\Tools\Binn\;C:\Program Files\Microsoft SQL Server\160\Tools\Binn\;C:\Program Files\Microsoft SQL Server\Client SDK\ODBC\170\Tools\Binn\;C:\Program Files\Microsoft SQL Server\160\DTS\Binn\;C:\Program Files (x86)\Microsoft SQL Server\160\DTS\Binn\;C:\Program Files\Azure Data Studio\bin;C:\Program Files\nodejs\;C:\Program Files\Docker\Docker\resources\bin;C:\Users\hii\AppData\Local\Microsoft\WindowsApps;C:\Users\hii\AppData\Local\Programs\Microsoft VS Code\bin;C:\Program Files\Azure Data Studio\bin;C:\Users\hii\AppData\Local\GitHubDesktop\bin;C:\Users\hii\AppData\Roaming\npm
USERNAME=hii
OS=Windows_NT
PROCESSOR_IDENTIFIER=AMD64 Family 25 Model 80 Stepping 0, AuthenticAMD
TMP=C:\Users\hii\AppData\Local\Temp
TEMP=C:\Users\hii\AppData\Local\Temp



Periodic native trim disabled


---------------  S Y S T E M  ---------------

OS:
 Windows 11 , 64 bit Build 22621 (10.0.22621.3672)
OS uptime: 1 days 17:52 hours
Hyper-V role detected

CPU: total 12 (initial active 12) (12 cores per cpu, 2 threads per core) family 25 model 80 stepping 0 microcode 0x0, cx8, cmov, fxsr, ht, mmx, 3dnowpref, sse, sse2, sse3, ssse3, sse4a, sse4.1, sse4.2, popcnt, lzcnt, tsc, tscinvbit, avx, avx2, aes, erms, clmul, bmi1, bmi2, adx, sha, fma, vzeroupper, clflush, clflushopt, hv
Processor Information for processor 0
  Max Mhz: 3301, Current Mhz: 1908, Mhz Limit: 3301
Processor Information for processor 1
  Max Mhz: 3301, Current Mhz: 1908, Mhz Limit: 3301
Processor Information for processor 2
  Max Mhz: 3301, Current Mhz: 1908, Mhz Limit: 3301
Processor Information for processor 3
  Max Mhz: 3301, Current Mhz: 1805, Mhz Limit: 3301
Processor Information for processor 4
  Max Mhz: 3301, Current Mhz: 1805, Mhz Limit: 3301
Processor Information for processor 5
  Max Mhz: 3301, Current Mhz: 1805, Mhz Limit: 3301
Processor Information for processor 6
  Max Mhz: 3301, Current Mhz: 1908, Mhz Limit: 3301
Processor Information for processor 7
  Max Mhz: 3301, Current Mhz: 1805, Mhz Limit: 3301
Processor Information for processor 8
  Max Mhz: 3301, Current Mhz: 1908, Mhz Limit: 3301
Processor Information for processor 9
  Max Mhz: 3301, Current Mhz: 1805, Mhz Limit: 3301
Processor Information for processor 10
  Max Mhz: 3301, Current Mhz: 1805, Mhz Limit: 3301
Processor Information for processor 11
  Max Mhz: 3301, Current Mhz: 1805, Mhz Limit: 3301

Memory: 4k page, system-wide physical 14188M (951M free)
TotalPageFile size 23739M (AvailPageFile size 9M)
current process WorkingSet (physical memory assigned to process): 171M, peak: 186M
current process commit charge ("private bytes"): 223M, peak: 336M

vm_info: OpenJDK 64-Bit Server VM (17.0.11+9) for windows-amd64 JRE (17.0.11+9), built on Apr 17 2024 06:07:48 by "admin" with MS VC++ 16.10 / 16.11 (VS2019)

END.
