#
# There is insufficient memory for the Java Runtime Environment to continue.
# Native memory allocation (malloc) failed to allocate 1048576 bytes. Error detail: AllocateHeap
# Possible reasons:
#   The system is out of physical RAM or swap space
#   This process is running with CompressedOops enabled, and the Java Heap may be blocking the growth of the native heap
# Possible solutions:
#   Reduce memory load on the system
#   Increase physical memory or swap space
#   Check if swap backing store is full
#   Decrease Java heap size (-Xmx/-Xms)
#   Decrease number of Java threads
#   Decrease Java thread stack sizes (-Xss)
#   Set larger code cache with -XX:ReservedCodeCacheSize=
#   JVM is running with Unscaled Compressed Oops mode in which the Java heap is
#     placed in the first 4GB address space. The Java Heap base address is the
#     maximum limit for the native heap growth. Please use -XX:HeapBaseMinAddress
#     to set the Java Heap base and to place the Java Heap above 4GB virtual address.
# This output file may be truncated or incomplete.
#
#  Out of Memory Error (allocation.cpp:44), pid=23940, tid=23968
#
# JRE version: OpenJDK Runtime Environment Temurin-17.0.11+9 (17.0.11+9) (build 17.0.11+9)
# Java VM: OpenJDK 64-Bit Server VM Temurin-17.0.11+9 (17.0.11+9, mixed mode, emulated-client, tiered, compressed oops, compressed class ptrs, g1 gc, windows-amd64)
# No core dump will be written. Minidumps are not enabled by default on client versions of Windows
#

---------------  S U M M A R Y ------------

Command Line: -Xmx1024m -Dsts.lsp.client=vscode -Dsts.log.file=/dev/null -XX:TieredStopAtLevel=1 -Xlog:jni+resolve=off -Dspring.config.location=file:c:\Users\hii\.vscode\extensions\vmware.vscode-spring-boot-1.55.1\language-server\BOOT-INF\classes\application.properties org.springframework.ide.vscode.boot.app.BootLanguageServerBootApp

Host: AMD Ryzen 5 5600H with Radeon Graphics         , 12 cores, 13G,  Windows 11 , 64 bit Build 22621 (10.0.22621.3672)
Time: Sat Jun 29 16:26:13 2024 SE Asia Standard Time elapsed time: 20391.181425 seconds (0d 5h 39m 51s)

---------------  T H R E A D  ---------------

Current thread (0x0000021d2e799080):  VMThread "VM Thread" [stack: 0x0000005055400000,0x0000005055500000] [id=23968]

Stack: [0x0000005055400000,0x0000005055500000]
Native frames: (J=compiled Java code, j=interpreted, Vv=VM code, C=native code)
V  [jvm.dll+0x67d429]
V  [jvm.dll+0x834b7a]
V  [jvm.dll+0x83663e]
V  [jvm.dll+0x836ca3]
V  [jvm.dll+0x247dbf]
V  [jvm.dll+0xa6cb3]
V  [jvm.dll+0x2f8ad3]
V  [jvm.dll+0x2f4750]
V  [jvm.dll+0x2dcf67]
V  [jvm.dll+0x31fb67]
V  [jvm.dll+0x83b19b]
V  [jvm.dll+0x83bed2]
V  [jvm.dll+0x83c3ed]
V  [jvm.dll+0x83c7c4]
V  [jvm.dll+0x83c890]
V  [jvm.dll+0x7e410a]
V  [jvm.dll+0x67c315]
C  [ucrtbase.dll+0x29333]
C  [KERNEL32.DLL+0x1257d]
C  [ntdll.dll+0x5af28]

VM_Operation (0x0000005056ffee90): G1CollectFull, mode: safepoint, requested by thread 0x0000021d34235810


---------------  P R O C E S S  ---------------

Threads class SMR info:
_java_thread_list=0x0000021d337e3090, length=31, elements={
0x0000021d2e7ae370, 0x0000021d2e7af000, 0x0000021d2e7daa40, 0x0000021d2e7ee010,
0x0000021d2e800410, 0x0000021d2e800ce0, 0x0000021d2e80b5d0, 0x0000021d2e8113f0,
0x0000021d2ea16330, 0x0000021d2ea1b890, 0x0000021d34235300, 0x0000021d34235810,
0x0000021d34232060, 0x0000021d34232570, 0x0000021d34234df0, 0x0000021d34232f90,
0x0000021d34233ec0, 0x0000021d34022210, 0x0000021d340212e0, 0x0000021d340203b0,
0x0000021d34020dd0, 0x0000021d340217f0, 0x0000021d34021d00, 0x0000021d340208c0,
0x0000021d345d5410, 0x0000021d345cf8f0, 0x0000021d345cfe00, 0x0000021d345d1240,
0x0000021d345d2170, 0x0000021d345d1c60, 0x0000021d345d30a0
}

Java Threads: ( => current thread )
  0x0000021d2e7ae370 JavaThread "Reference Handler" daemon [_thread_blocked, id=26440, stack(0x0000005055500000,0x0000005055600000)]
  0x0000021d2e7af000 JavaThread "Finalizer" daemon [_thread_blocked, id=24600, stack(0x0000005055600000,0x0000005055700000)]
  0x0000021d2e7daa40 JavaThread "Signal Dispatcher" daemon [_thread_blocked, id=19788, stack(0x0000005055700000,0x0000005055800000)]
  0x0000021d2e7ee010 JavaThread "Attach Listener" daemon [_thread_blocked, id=19516, stack(0x0000005055800000,0x0000005055900000)]
  0x0000021d2e800410 JavaThread "Service Thread" daemon [_thread_blocked, id=26180, stack(0x0000005055900000,0x0000005055a00000)]
  0x0000021d2e800ce0 JavaThread "Monitor Deflation Thread" daemon [_thread_blocked, id=16708, stack(0x0000005055a00000,0x0000005055b00000)]
  0x0000021d2e80b5d0 JavaThread "C1 CompilerThread0" daemon [_thread_blocked, id=8828, stack(0x0000005055b00000,0x0000005055c00000)]
  0x0000021d2e8113f0 JavaThread "Sweeper thread" daemon [_thread_blocked, id=10476, stack(0x0000005055c00000,0x0000005055d00000)]
  0x0000021d2ea16330 JavaThread "Notification Thread" daemon [_thread_blocked, id=24116, stack(0x0000005055e00000,0x0000005055f00000)]
  0x0000021d2ea1b890 JavaThread "Common-Cleaner" daemon [_thread_blocked, id=2736, stack(0x0000005056000000,0x0000005056100000)]
  0x0000021d34235300 JavaThread "boundedElastic-evictor-1" daemon [_thread_blocked, id=11088, stack(0x0000005056700000,0x0000005056800000)]
  0x0000021d34235810 JavaThread "pool-13-thread-1" [_thread_blocked, id=3492, stack(0x0000005056f00000,0x0000005057000000)]
  0x0000021d34232060 JavaThread "LanguageServerApp-lifecycle" [_thread_blocked, id=7096, stack(0x0000005057000000,0x0000005057100000)]
  0x0000021d34232570 JavaThread "DestroyJavaVM" [_thread_blocked, id=21104, stack(0x0000005054e00000,0x0000005054f00000)]
  0x0000021d34234df0 JavaThread "pool-14-thread-1" [_thread_in_native, id=9488, stack(0x0000005057100000,0x0000005057200000)]
  0x0000021d34232f90 JavaThread "Simple-Language-Server main thread" daemon [_thread_blocked, id=14812, stack(0x0000005057200000,0x0000005057300000)]
  0x0000021d34233ec0 JavaThread "pool-8-thread-1" [_thread_blocked, id=17092, stack(0x0000005057600000,0x0000005057700000)]
  0x0000021d34022210 JavaThread "parallel-1" daemon [_thread_blocked, id=10256, stack(0x0000005057700000,0x0000005057800000)]
  0x0000021d340212e0 JavaThread "parallel-2" daemon [_thread_blocked, id=4420, stack(0x0000005057800000,0x0000005057900000)]
  0x0000021d340203b0 JavaThread "pool-6-thread-1" [_thread_blocked, id=28252, stack(0x0000005057900000,0x0000005057a00000)]
  0x0000021d34020dd0 JavaThread "parallel-3" daemon [_thread_blocked, id=13936, stack(0x0000005057a00000,0x0000005057b00000)]
  0x0000021d340217f0 JavaThread "parallel-4" daemon [_thread_blocked, id=29028, stack(0x0000005057b00000,0x0000005057c00000)]
  0x0000021d34021d00 JavaThread "parallel-5" daemon [_thread_blocked, id=16692, stack(0x0000005057c00000,0x0000005057d00000)]
  0x0000021d340208c0 JavaThread "parallel-6" daemon [_thread_blocked, id=6020, stack(0x0000005058200000,0x0000005058300000)]
  0x0000021d345d5410 JavaThread "parallel-7" daemon [_thread_blocked, id=25476, stack(0x0000005058300000,0x0000005058400000)]
  0x0000021d345cf8f0 JavaThread "parallel-8" daemon [_thread_blocked, id=16332, stack(0x0000005058400000,0x0000005058500000)]
  0x0000021d345cfe00 JavaThread "Reconciler-1" daemon [_thread_blocked, id=3112, stack(0x0000005058700000,0x0000005058800000)]
  0x0000021d345d1240 JavaThread "parallel-9" daemon [_thread_blocked, id=18960, stack(0x0000005055d00000,0x0000005055e00000)]
  0x0000021d345d2170 JavaThread "parallel-10" daemon [_thread_blocked, id=17540, stack(0x0000005059300000,0x0000005059400000)]
  0x0000021d345d1c60 JavaThread "parallel-11" daemon [_thread_blocked, id=15600, stack(0x0000005059500000,0x0000005059600000)]
  0x0000021d345d30a0 JavaThread "parallel-12" daemon [_thread_blocked, id=16236, stack(0x0000005059700000,0x0000005059800000)]

Other Threads:
=>0x0000021d2e799080 VMThread "VM Thread" [stack: 0x0000005055400000,0x0000005055500000] [id=23968]
  0x0000021d2ea18820 WatcherThread [stack: 0x0000005055f00000,0x0000005056000000] [id=380]
  0x0000021d23508e60 GCTaskThread "GC Thread#0" [stack: 0x0000005054f00000,0x0000005055000000] [id=23380]
  0x0000021d3394e720 GCTaskThread "GC Thread#1" [stack: 0x0000005056100000,0x0000005056200000] [id=25592]
  0x0000021d3394e9e0 GCTaskThread "GC Thread#2" [stack: 0x0000005056200000,0x0000005056300000] [id=21268]
  0x0000021d33969070 GCTaskThread "GC Thread#3" [stack: 0x0000005056300000,0x0000005056400000] [id=26808]
  0x0000021d33969330 GCTaskThread "GC Thread#4" [stack: 0x0000005056400000,0x0000005056500000] [id=8272]
  0x0000021d33bb8490 GCTaskThread "GC Thread#5" [stack: 0x0000005056500000,0x0000005056600000] [id=13716]
  0x0000021d33e34d80 GCTaskThread "GC Thread#6" [stack: 0x0000005056900000,0x0000005056a00000] [id=2308]
  0x0000021d33cfe630 GCTaskThread "GC Thread#7" [stack: 0x0000005056a00000,0x0000005056b00000] [id=4188]
  0x0000021d33d60dc0 GCTaskThread "GC Thread#8" [stack: 0x0000005056b00000,0x0000005056c00000] [id=13356]
  0x0000021d33d0e390 GCTaskThread "GC Thread#9" [stack: 0x0000005056c00000,0x0000005056d00000] [id=23964]
  0x0000021d23511cc0 ConcurrentGCThread "G1 Main Marker" [stack: 0x0000005055000000,0x0000005055100000] [id=22480]
  0x0000021d235125f0 ConcurrentGCThread "G1 Conc#0" [stack: 0x0000005055100000,0x0000005055200000] [id=16796]
  0x0000021d33cf4320 ConcurrentGCThread "G1 Conc#1" [stack: 0x0000005056d00000,0x0000005056e00000] [id=3980]
  0x0000021d33d97930 ConcurrentGCThread "G1 Conc#2" [stack: 0x0000005056e00000,0x0000005056f00000] [id=22412]
  0x0000021d2e60a5a0 ConcurrentGCThread "G1 Refine#0" [stack: 0x0000005055200000,0x0000005055300000] [id=12292]
  0x0000021d2e60ade0 ConcurrentGCThread "G1 Service" [stack: 0x0000005055300000,0x0000005055400000] [id=15684]

Threads with active compile tasks:

VM state: at safepoint (normal execution)

VM Mutex/Monitor currently owned by a thread:  ([mutex/lock_event])
[0x0000021d211a00d0] Threads_lock - owner thread: 0x0000021d2e799080
[0x0000021d234c83c0] Heap_lock - owner thread: 0x0000021d34235810

Heap address: 0x00000000c0000000, size: 1024 MB, Compressed Oops mode: 32-bit

CDS archive(s) not mapped
Compressed class space mapped at: 0x0000000100000000-0x0000000140000000, reserved size: 1073741824
Narrow klass base: 0x0000000000000000, Narrow klass shift: 3, Narrow klass range: 0x140000000

GC Precious Log:
 CPUs: 12 total, 12 available
 Memory: 14188M
 Large Page Support: Disabled
 NUMA Support: Disabled
 Compressed Oops: Enabled (32-bit)
 Heap Region Size: 1M
 Heap Min Capacity: 8M
 Heap Initial Capacity: 222M
 Heap Max Capacity: 1G
 Pre-touch: Disabled
 Parallel Workers: 10
 Concurrent Workers: 3
 Concurrent Refinement Workers: 10
 Periodic GC: Disabled

Heap:
 garbage-first heap   total 101376K, used 40471K [0x00000000c0000000, 0x0000000100000000)
  region size 1024K, 1 young (1024K), 0 survivors (0K)
 Metaspace       used 59403K, committed 60032K, reserved 1114112K
  class space    used 7381K, committed 7680K, reserved 1048576K

Heap Regions: E=young(eden), S=young(survivor), O=old, HS=humongous(starts), HC=humongous(continues), CS=collection set, F=free, OA=open archive, CA=closed archive, TAMS=top-at-mark-start (previous, next)
|   0|0x00000000c0000000, 0x00000000c0100000, 0x00000000c0100000|100%|HS|  |TAMS 0x00000000c0100000, 0x00000000c0000000| Untracked 
|   1|0x00000000c0100000, 0x00000000c0200000, 0x00000000c0200000|100%|HC|  |TAMS 0x00000000c0200000, 0x00000000c0100000| Untracked 
|   2|0x00000000c0200000, 0x00000000c0300000, 0x00000000c0300000|100%|HC|  |TAMS 0x00000000c0300000, 0x00000000c0200000| Untracked 
|   3|0x00000000c0300000, 0x00000000c0400000, 0x00000000c0400000|100%|HC|  |TAMS 0x00000000c0400000, 0x00000000c0300000| Untracked 
|   4|0x00000000c0400000, 0x00000000c0500000, 0x00000000c0500000|100%|HS|  |TAMS 0x00000000c0500000, 0x00000000c0400000| Untracked 
|   5|0x00000000c0500000, 0x00000000c0600000, 0x00000000c0600000|100%|HC|  |TAMS 0x00000000c0600000, 0x00000000c0500000| Untracked 
|   6|0x00000000c0600000, 0x00000000c0700000, 0x00000000c0700000|100%| O|  |TAMS 0x00000000c0700000, 0x00000000c0600000| Untracked 
|   7|0x00000000c0700000, 0x00000000c0800000, 0x00000000c0800000|100%| O|  |TAMS 0x00000000c0800000, 0x00000000c0700000| Untracked 
|   8|0x00000000c0800000, 0x00000000c0900000, 0x00000000c0900000|100%| O|  |TAMS 0x00000000c0900000, 0x00000000c0800000| Untracked 
|   9|0x00000000c0900000, 0x00000000c0a00000, 0x00000000c0a00000|100%| O|  |TAMS 0x00000000c0a00000, 0x00000000c0900000| Untracked 
|  10|0x00000000c0a00000, 0x00000000c0afffd0, 0x00000000c0b00000| 99%| O|  |TAMS 0x00000000c0afffd0, 0x00000000c0a00000| Untracked 
|  11|0x00000000c0b00000, 0x00000000c0bfffe8, 0x00000000c0c00000| 99%| O|  |TAMS 0x00000000c0bfffe8, 0x00000000c0b00000| Untracked 
|  12|0x00000000c0c00000, 0x00000000c0cfb270, 0x00000000c0d00000| 98%| O|  |TAMS 0x00000000c0cfb270, 0x00000000c0c00000| Untracked 
|  13|0x00000000c0d00000, 0x00000000c0dffff8, 0x00000000c0e00000| 99%| O|  |TAMS 0x00000000c0dffff8, 0x00000000c0d00000| Untracked 
|  14|0x00000000c0e00000, 0x00000000c0f00000, 0x00000000c0f00000|100%| O|  |TAMS 0x00000000c0f00000, 0x00000000c0e00000| Untracked 
|  15|0x00000000c0f00000, 0x00000000c1000000, 0x00000000c1000000|100%| O|  |TAMS 0x00000000c1000000, 0x00000000c0f00000| Untracked 
|  16|0x00000000c1000000, 0x00000000c1100000, 0x00000000c1100000|100%| O|  |TAMS 0x00000000c1100000, 0x00000000c1000000| Untracked 
|  17|0x00000000c1100000, 0x00000000c11fffe8, 0x00000000c1200000| 99%| O|  |TAMS 0x00000000c11fffe8, 0x00000000c1100000| Untracked 
|  18|0x00000000c1200000, 0x00000000c12ffff8, 0x00000000c1300000| 99%| O|  |TAMS 0x00000000c12ffff8, 0x00000000c1200000| Untracked 
|  19|0x00000000c1300000, 0x00000000c13ffff8, 0x00000000c1400000| 99%| O|  |TAMS 0x00000000c13ffff8, 0x00000000c1300000| Untracked 
|  20|0x00000000c1400000, 0x00000000c14ffff0, 0x00000000c1500000| 99%| O|  |TAMS 0x00000000c14ffff0, 0x00000000c1400000| Untracked 
|  21|0x00000000c1500000, 0x00000000c15ffe40, 0x00000000c1600000| 99%| O|  |TAMS 0x00000000c15ffe40, 0x00000000c1500000| Untracked 
|  22|0x00000000c1600000, 0x00000000c16fffc8, 0x00000000c1700000| 99%| O|  |TAMS 0x00000000c16fffc8, 0x00000000c1600000| Untracked 
|  23|0x00000000c1700000, 0x00000000c17ffff8, 0x00000000c1800000| 99%| O|  |TAMS 0x00000000c17ffff8, 0x00000000c1700000| Untracked 
|  24|0x00000000c1800000, 0x00000000c18ffff0, 0x00000000c1900000| 99%| O|  |TAMS 0x00000000c18ffff0, 0x00000000c1800000| Untracked 
|  25|0x00000000c1900000, 0x00000000c19ffff8, 0x00000000c1a00000| 99%| O|  |TAMS 0x00000000c19ffff8, 0x00000000c1900000| Untracked 
|  26|0x00000000c1a00000, 0x00000000c1afffa8, 0x00000000c1b00000| 99%| O|  |TAMS 0x00000000c1afffa8, 0x00000000c1a00000| Untracked 
|  27|0x00000000c1b00000, 0x00000000c1bffff0, 0x00000000c1c00000| 99%| O|  |TAMS 0x00000000c1bffff0, 0x00000000c1b00000| Untracked 
|  28|0x00000000c1c00000, 0x00000000c1cffff0, 0x00000000c1d00000| 99%| O|  |TAMS 0x00000000c1cffff0, 0x00000000c1c00000| Untracked 
|  29|0x00000000c1d00000, 0x00000000c1df9580, 0x00000000c1e00000| 97%| O|  |TAMS 0x00000000c1df9580, 0x00000000c1d00000| Untracked 
|  30|0x00000000c1e00000, 0x00000000c1eff588, 0x00000000c1f00000| 99%| O|  |TAMS 0x00000000c1eff588, 0x00000000c1e00000| Untracked 
|  31|0x00000000c1f00000, 0x00000000c2000000, 0x00000000c2000000|100%|HS|  |TAMS 0x00000000c2000000, 0x00000000c1f00000| Untracked 
|  32|0x00000000c2000000, 0x00000000c20fb988, 0x00000000c2100000| 98%| O|  |TAMS 0x00000000c20fb988, 0x00000000c2000000| Untracked 
|  33|0x00000000c2100000, 0x00000000c2200000, 0x00000000c2200000|100%| O|  |TAMS 0x00000000c2200000, 0x00000000c2100000| Untracked 
|  34|0x00000000c2200000, 0x00000000c2300000, 0x00000000c2300000|100%| O|  |TAMS 0x00000000c2300000, 0x00000000c2200000| Untracked 
|  35|0x00000000c2300000, 0x00000000c2400000, 0x00000000c2400000|100%| O|  |TAMS 0x00000000c2400000, 0x00000000c2300000| Untracked 
|  36|0x00000000c2400000, 0x00000000c2500000, 0x00000000c2500000|100%| O|  |TAMS 0x00000000c2500000, 0x00000000c2400000| Untracked 
|  37|0x00000000c2500000, 0x00000000c2600000, 0x00000000c2600000|100%| O|  |TAMS 0x00000000c2600000, 0x00000000c2500000| Untracked 
|  38|0x00000000c2600000, 0x00000000c2696a50, 0x00000000c2700000| 58%| O|  |TAMS 0x00000000c2600000, 0x00000000c2600000| Untracked 
|  39|0x00000000c2700000, 0x00000000c27fffe8, 0x00000000c2800000| 99%| O|  |TAMS 0x00000000c27fffe8, 0x00000000c2700000| Untracked 
|  40|0x00000000c2800000, 0x00000000c2800068, 0x00000000c2900000|  0%| O|  |TAMS 0x00000000c2800000, 0x00000000c2800000| Untracked 
|  41|0x00000000c2900000, 0x00000000c2900000, 0x00000000c2a00000|  0%| F|  |TAMS 0x00000000c2900000, 0x00000000c2900000| Untracked 
|  42|0x00000000c2a00000, 0x00000000c2a00000, 0x00000000c2b00000|  0%| F|  |TAMS 0x00000000c2a00000, 0x00000000c2a00000| Untracked 
|  43|0x00000000c2b00000, 0x00000000c2b00000, 0x00000000c2c00000|  0%| F|  |TAMS 0x00000000c2b00000, 0x00000000c2b00000| Untracked 
|  44|0x00000000c2c00000, 0x00000000c2c00000, 0x00000000c2d00000|  0%| F|  |TAMS 0x00000000c2c00000, 0x00000000c2c00000| Untracked 
|  45|0x00000000c2d00000, 0x00000000c2d00000, 0x00000000c2e00000|  0%| F|  |TAMS 0x00000000c2d00000, 0x00000000c2d00000| Untracked 
|  46|0x00000000c2e00000, 0x00000000c2e00000, 0x00000000c2f00000|  0%| F|  |TAMS 0x00000000c2e00000, 0x00000000c2e00000| Untracked 
|  47|0x00000000c2f00000, 0x00000000c2f00000, 0x00000000c3000000|  0%| F|  |TAMS 0x00000000c2f00000, 0x00000000c2f00000| Untracked 
|  48|0x00000000c3000000, 0x00000000c3000000, 0x00000000c3100000|  0%| F|  |TAMS 0x00000000c3000000, 0x00000000c3000000| Untracked 
|  49|0x00000000c3100000, 0x00000000c3100000, 0x00000000c3200000|  0%| F|  |TAMS 0x00000000c3100000, 0x00000000c3100000| Untracked 
|  50|0x00000000c3200000, 0x00000000c3200000, 0x00000000c3300000|  0%| F|  |TAMS 0x00000000c3200000, 0x00000000c3200000| Untracked 
|  51|0x00000000c3300000, 0x00000000c3300000, 0x00000000c3400000|  0%| F|  |TAMS 0x00000000c3300000, 0x00000000c3300000| Untracked 
|  52|0x00000000c3400000, 0x00000000c3400000, 0x00000000c3500000|  0%| F|  |TAMS 0x00000000c3400000, 0x00000000c3400000| Untracked 
|  53|0x00000000c3500000, 0x00000000c3500000, 0x00000000c3600000|  0%| F|  |TAMS 0x00000000c3500000, 0x00000000c3500000| Untracked 
|  54|0x00000000c3600000, 0x00000000c3600000, 0x00000000c3700000|  0%| F|  |TAMS 0x00000000c3600000, 0x00000000c3600000| Untracked 
|  55|0x00000000c3700000, 0x00000000c3700000, 0x00000000c3800000|  0%| F|  |TAMS 0x00000000c3700000, 0x00000000c3700000| Untracked 
|  56|0x00000000c3800000, 0x00000000c3800000, 0x00000000c3900000|  0%| F|  |TAMS 0x00000000c3800000, 0x00000000c3800000| Untracked 
|  57|0x00000000c3900000, 0x00000000c3900000, 0x00000000c3a00000|  0%| F|  |TAMS 0x00000000c3900000, 0x00000000c3900000| Untracked 
|  58|0x00000000c3a00000, 0x00000000c3a00000, 0x00000000c3b00000|  0%| F|  |TAMS 0x00000000c3a00000, 0x00000000c3a00000| Untracked 
|  59|0x00000000c3b00000, 0x00000000c3b00000, 0x00000000c3c00000|  0%| F|  |TAMS 0x00000000c3b00000, 0x00000000c3b00000| Untracked 
|  60|0x00000000c3c00000, 0x00000000c3c00000, 0x00000000c3d00000|  0%| F|  |TAMS 0x00000000c3c00000, 0x00000000c3c00000| Untracked 
|  61|0x00000000c3d00000, 0x00000000c3d00000, 0x00000000c3e00000|  0%| F|  |TAMS 0x00000000c3d00000, 0x00000000c3d00000| Untracked 
|  62|0x00000000c3e00000, 0x00000000c3e00000, 0x00000000c3f00000|  0%| F|  |TAMS 0x00000000c3e00000, 0x00000000c3e00000| Untracked 
|  63|0x00000000c3f00000, 0x00000000c3f00000, 0x00000000c4000000|  0%| F|  |TAMS 0x00000000c3f00000, 0x00000000c3f00000| Untracked 
|  64|0x00000000c4000000, 0x00000000c4000000, 0x00000000c4100000|  0%| F|  |TAMS 0x00000000c4000000, 0x00000000c4000000| Untracked 
|  65|0x00000000c4100000, 0x00000000c4100000, 0x00000000c4200000|  0%| F|  |TAMS 0x00000000c4100000, 0x00000000c4100000| Untracked 
|  66|0x00000000c4200000, 0x00000000c4200000, 0x00000000c4300000|  0%| F|  |TAMS 0x00000000c4200000, 0x00000000c4200000| Untracked 
|  67|0x00000000c4300000, 0x00000000c4300000, 0x00000000c4400000|  0%| F|  |TAMS 0x00000000c4300000, 0x00000000c4300000| Untracked 
|  68|0x00000000c4400000, 0x00000000c4400000, 0x00000000c4500000|  0%| F|  |TAMS 0x00000000c4400000, 0x00000000c4400000| Untracked 
|  69|0x00000000c4500000, 0x00000000c4500000, 0x00000000c4600000|  0%| F|  |TAMS 0x00000000c4500000, 0x00000000c4500000| Untracked 
|  70|0x00000000c4600000, 0x00000000c4600000, 0x00000000c4700000|  0%| F|  |TAMS 0x00000000c4600000, 0x00000000c4600000| Untracked 
|  71|0x00000000c4700000, 0x00000000c4700000, 0x00000000c4800000|  0%| F|  |TAMS 0x00000000c4700000, 0x00000000c4700000| Untracked 
|  72|0x00000000c4800000, 0x00000000c4800000, 0x00000000c4900000|  0%| F|  |TAMS 0x00000000c4800000, 0x00000000c4800000| Untracked 
|  73|0x00000000c4900000, 0x00000000c4900000, 0x00000000c4a00000|  0%| F|  |TAMS 0x00000000c4900000, 0x00000000c4900000| Untracked 
|  74|0x00000000c4a00000, 0x00000000c4a00000, 0x00000000c4b00000|  0%| F|  |TAMS 0x00000000c4a00000, 0x00000000c4a00000| Untracked 
|  75|0x00000000c4b00000, 0x00000000c4b00000, 0x00000000c4c00000|  0%| F|  |TAMS 0x00000000c4b00000, 0x00000000c4b00000| Untracked 
|  76|0x00000000c4c00000, 0x00000000c4c00000, 0x00000000c4d00000|  0%| F|  |TAMS 0x00000000c4c00000, 0x00000000c4c00000| Untracked 
|  77|0x00000000c4d00000, 0x00000000c4d00000, 0x00000000c4e00000|  0%| F|  |TAMS 0x00000000c4d00000, 0x00000000c4d00000| Untracked 
|  78|0x00000000c4e00000, 0x00000000c4e00000, 0x00000000c4f00000|  0%| F|  |TAMS 0x00000000c4e00000, 0x00000000c4e00000| Untracked 
|  79|0x00000000c4f00000, 0x00000000c4f00000, 0x00000000c5000000|  0%| F|  |TAMS 0x00000000c4f00000, 0x00000000c4f00000| Untracked 
|  80|0x00000000c5000000, 0x00000000c5000000, 0x00000000c5100000|  0%| F|  |TAMS 0x00000000c5000000, 0x00000000c5000000| Untracked 
|  81|0x00000000c5100000, 0x00000000c5100000, 0x00000000c5200000|  0%| F|  |TAMS 0x00000000c5100000, 0x00000000c5100000| Untracked 
|  82|0x00000000c5200000, 0x00000000c5200000, 0x00000000c5300000|  0%| F|  |TAMS 0x00000000c5200000, 0x00000000c5200000| Untracked 
|  83|0x00000000c5300000, 0x00000000c5300000, 0x00000000c5400000|  0%| F|  |TAMS 0x00000000c5300000, 0x00000000c5300000| Untracked 
|  84|0x00000000c5400000, 0x00000000c5400000, 0x00000000c5500000|  0%| F|  |TAMS 0x00000000c5400000, 0x00000000c5400000| Untracked 
|  85|0x00000000c5500000, 0x00000000c5500000, 0x00000000c5600000|  0%| F|  |TAMS 0x00000000c5500000, 0x00000000c5500000| Untracked 
|  86|0x00000000c5600000, 0x00000000c5600000, 0x00000000c5700000|  0%| F|  |TAMS 0x00000000c5600000, 0x00000000c5600000| Untracked 
|  87|0x00000000c5700000, 0x00000000c5700000, 0x00000000c5800000|  0%| F|  |TAMS 0x00000000c5700000, 0x00000000c5700000| Untracked 
|  88|0x00000000c5800000, 0x00000000c5800000, 0x00000000c5900000|  0%| F|  |TAMS 0x00000000c5800000, 0x00000000c5800000| Untracked 
|  89|0x00000000c5900000, 0x00000000c5900000, 0x00000000c5a00000|  0%| F|  |TAMS 0x00000000c5900000, 0x00000000c5900000| Untracked 
|  90|0x00000000c5a00000, 0x00000000c5a00000, 0x00000000c5b00000|  0%| F|  |TAMS 0x00000000c5a00000, 0x00000000c5a00000| Untracked 
|  91|0x00000000c5b00000, 0x00000000c5b00000, 0x00000000c5c00000|  0%| F|  |TAMS 0x00000000c5b00000, 0x00000000c5b00000| Untracked 
| 180|0x00000000cb400000, 0x00000000cb400000, 0x00000000cb500000|  0%| F|  |TAMS 0x00000000cb400000, 0x00000000cb400000| Untracked 
| 181|0x00000000cb500000, 0x00000000cb500000, 0x00000000cb600000|  0%| F|  |TAMS 0x00000000cb500000, 0x00000000cb500000| Untracked 
| 182|0x00000000cb600000, 0x00000000cb600000, 0x00000000cb700000|  0%| F|  |TAMS 0x00000000cb600000, 0x00000000cb600000| Untracked 
| 183|0x00000000cb700000, 0x00000000cb700000, 0x00000000cb800000|  0%| F|  |TAMS 0x00000000cb700000, 0x00000000cb700000| Untracked 
| 184|0x00000000cb800000, 0x00000000cb800000, 0x00000000cb900000|  0%| F|  |TAMS 0x00000000cb800000, 0x00000000cb800000| Untracked 
| 220|0x00000000cdc00000, 0x00000000cdc00000, 0x00000000cdd00000|  0%| F|  |TAMS 0x00000000cdc00000, 0x00000000cdc00000| Untracked 
| 221|0x00000000cdd00000, 0x00000000cdd09c80, 0x00000000cde00000|  3%| E|  |TAMS 0x00000000cdd00000, 0x00000000cdd00000| Complete 

Card table byte_map: [0x0000021d29680000,0x0000021d29880000] _byte_map_base: 0x0000021d29080000

Marking Bits (Prev, Next): (CMBitMap*) 0x0000021d23509390, (CMBitMap*) 0x0000021d235093d0
 Prev Bits: [0x0000021d29a80000, 0x0000021d2aa80000)
 Next Bits: [0x0000021d2aa80000, 0x0000021d2ba80000)

Polling page: 0x0000021d21430000

Metaspace:

Usage:
  Non-class:     50.80 MB used.
      Class:      7.21 MB used.
       Both:     58.01 MB used.

Virtual space:
  Non-class space:       64.00 MB reserved,      51.12 MB ( 80%) committed,  1 nodes.
      Class space:        1.00 GB reserved,       7.50 MB ( <1%) committed,  1 nodes.
             Both:        1.06 GB reserved,      58.62 MB (  5%) committed. 

Chunk freelists:
   Non-Class:  12.75 MB
       Class:  8.57 MB
        Both:  21.32 MB

MaxMetaspaceSize: unlimited
CompressedClassSpaceSize: 1.00 GB
Initial GC threshold: 21.00 MB
Current GC threshold: 97.75 MB
CDS: off
MetaspaceReclaimPolicy: balanced
 - commit_granule_bytes: 65536.
 - commit_granule_words: 8192.
 - virtual_space_node_default_size: 8388608.
 - enlarge_chunks_in_place: 1.
 - new_chunks_are_fully_committed: 0.
 - uncommit_free_chunks: 1.
 - use_allocation_guard: 0.
 - handle_deallocations: 1.


Internal statistics:

num_allocs_failed_limit: 8.
num_arena_births: 702.
num_arena_deaths: 244.
num_vsnodes_births: 2.
num_vsnodes_deaths: 0.
num_space_committed: 938.
num_space_uncommitted: 0.
num_chunks_returned_to_freelist: 290.
num_chunks_taken_from_freelist: 2570.
num_chunk_merges: 91.
num_chunk_splits: 1796.
num_chunks_enlarged: 1373.
num_inconsistent_stats: 0.

CodeCache: size=49152Kb used=13473Kb max_used=13980Kb free=35678Kb
 bounds [0x0000021d26150000, 0x0000021d26f60000, 0x0000021d29150000]
 total_blobs=7901 nmethods=7225 adapters=602
 compilation: enabled
              stopped_count=0, restarted_count=0
 full_count=0

Compilation events (20 events):
Event: 16574.178 Thread 0x0000021d2e80b5d0 7213       1       java.math.BigDecimal::toPlainString (200 bytes)
Event: 16574.181 Thread 0x0000021d2e80b5d0 nmethod 7213 0x0000021d26dd0510 code [0x0000021d26dd07a0, 0x0000021d26dd1028]
Event: 16574.181 Thread 0x0000021d2e80b5d0 7219   !   1       org.eclipse.jdt.core.dom.ParameterizedType::getType (61 bytes)
Event: 16574.181 Thread 0x0000021d2e80b5d0 nmethod 7219 0x0000021d26dcfa10 code [0x0000021d26dcfbe0, 0x0000021d26dd01c8]
Event: 16574.181 Thread 0x0000021d2e80b5d0 7218       1       org.eclipse.jdt.core.dom.ASTVisitor::visit (2 bytes)
Event: 16574.181 Thread 0x0000021d2e80b5d0 nmethod 7218 0x0000021d26dcf710 code [0x0000021d26dcf8a0, 0x0000021d26dcf978]
Event: 16574.205 Thread 0x0000021d2e80b5d0 7220       1       org.eclipse.jdt.core.dom.ASTVisitor::endVisit (1 bytes)
Event: 16574.205 Thread 0x0000021d2e80b5d0 nmethod 7220 0x0000021d26dcf410 code [0x0000021d26dcf5a0, 0x0000021d26dcf658]
Event: 16574.205 Thread 0x0000021d2e80b5d0 7221       1       org.eclipse.jdt.core.dom.ParameterizedType::accept0 (34 bytes)
Event: 16574.206 Thread 0x0000021d2e80b5d0 nmethod 7221 0x0000021d26dced90 code [0x0000021d26dcef80, 0x0000021d26dcf228]
Event: 16579.188 Thread 0x0000021d2e80b5d0 7222       1       org.eclipse.jdt.core.dom.ASTVisitor::visit (2 bytes)
Event: 16579.189 Thread 0x0000021d2e80b5d0 nmethod 7222 0x0000021d26dcea90 code [0x0000021d26dcec20, 0x0000021d26dcecf8]
Event: 16579.189 Thread 0x0000021d2e80b5d0 7223       1       org.eclipse.jdt.core.dom.ASTVisitor::visit (2 bytes)
Event: 16579.189 Thread 0x0000021d2e80b5d0 nmethod 7223 0x0000021d26dce790 code [0x0000021d26dce920, 0x0000021d26dce9f8]
Event: 16606.194 Thread 0x0000021d2e80b5d0 7224       1       org.eclipse.jdt.core.dom.ASTVisitor::endVisit (1 bytes)
Event: 16606.194 Thread 0x0000021d2e80b5d0 nmethod 7224 0x0000021d26dce490 code [0x0000021d26dce620, 0x0000021d26dce6d8]
Event: 16606.199 Thread 0x0000021d2e80b5d0 7225       1       org.springframework.ide.vscode.boot.java.reconcilers.CompositeASTVisitor::visit (56 bytes)
Event: 16606.202 Thread 0x0000021d2e80b5d0 nmethod 7225 0x0000021d26dcdf10 code [0x0000021d26dce0e0, 0x0000021d26dce328]
Event: 16606.203 Thread 0x0000021d2e80b5d0 7226       1       org.eclipse.jdt.core.dom.ASTVisitor::endVisit (1 bytes)
Event: 16606.203 Thread 0x0000021d2e80b5d0 nmethod 7226 0x0000021d26dcdc10 code [0x0000021d26dcdda0, 0x0000021d26dcde58]

GC Heap History (20 events):
Event: 20288.362 GC heap before
{Heap before GC invocations=883 (full 863):
 garbage-first heap   total 101376K, used 40471K [0x00000000c0000000, 0x0000000100000000)
  region size 1024K, 1 young (1024K), 0 survivors (0K)
 Metaspace       used 59403K, committed 60032K, reserved 1114112K
  class space    used 7381K, committed 7680K, reserved 1048576K
}
Event: 20288.423 GC heap after
{Heap after GC invocations=884 (full 864):
 garbage-first heap   total 101376K, used 40471K [0x00000000c0000000, 0x0000000100000000)
  region size 1024K, 0 young (0K), 0 survivors (0K)
 Metaspace       used 59403K, committed 60032K, reserved 1114112K
  class space    used 7381K, committed 7680K, reserved 1048576K
}
Event: 20298.656 GC heap before
{Heap before GC invocations=884 (full 864):
 garbage-first heap   total 101376K, used 40471K [0x00000000c0000000, 0x0000000100000000)
  region size 1024K, 1 young (1024K), 0 survivors (0K)
 Metaspace       used 59403K, committed 60032K, reserved 1114112K
  class space    used 7381K, committed 7680K, reserved 1048576K
}
Event: 20298.713 GC heap after
{Heap after GC invocations=885 (full 865):
 garbage-first heap   total 101376K, used 40471K [0x00000000c0000000, 0x0000000100000000)
  region size 1024K, 0 young (0K), 0 survivors (0K)
 Metaspace       used 59403K, committed 60032K, reserved 1114112K
  class space    used 7381K, committed 7680K, reserved 1048576K
}
Event: 20308.940 GC heap before
{Heap before GC invocations=885 (full 865):
 garbage-first heap   total 101376K, used 40471K [0x00000000c0000000, 0x0000000100000000)
  region size 1024K, 1 young (1024K), 0 survivors (0K)
 Metaspace       used 59403K, committed 60032K, reserved 1114112K
  class space    used 7381K, committed 7680K, reserved 1048576K
}
Event: 20308.994 GC heap after
{Heap after GC invocations=886 (full 866):
 garbage-first heap   total 101376K, used 40471K [0x00000000c0000000, 0x0000000100000000)
  region size 1024K, 0 young (0K), 0 survivors (0K)
 Metaspace       used 59403K, committed 60032K, reserved 1114112K
  class space    used 7381K, committed 7680K, reserved 1048576K
}
Event: 20319.234 GC heap before
{Heap before GC invocations=886 (full 866):
 garbage-first heap   total 101376K, used 40471K [0x00000000c0000000, 0x0000000100000000)
  region size 1024K, 1 young (1024K), 0 survivors (0K)
 Metaspace       used 59403K, committed 60032K, reserved 1114112K
  class space    used 7381K, committed 7680K, reserved 1048576K
}
Event: 20319.288 GC heap after
{Heap after GC invocations=887 (full 867):
 garbage-first heap   total 101376K, used 40471K [0x00000000c0000000, 0x0000000100000000)
  region size 1024K, 0 young (0K), 0 survivors (0K)
 Metaspace       used 59403K, committed 60032K, reserved 1114112K
  class space    used 7381K, committed 7680K, reserved 1048576K
}
Event: 20329.521 GC heap before
{Heap before GC invocations=887 (full 867):
 garbage-first heap   total 101376K, used 40471K [0x00000000c0000000, 0x0000000100000000)
  region size 1024K, 1 young (1024K), 0 survivors (0K)
 Metaspace       used 59403K, committed 60032K, reserved 1114112K
  class space    used 7381K, committed 7680K, reserved 1048576K
}
Event: 20329.577 GC heap after
{Heap after GC invocations=888 (full 868):
 garbage-first heap   total 101376K, used 40471K [0x00000000c0000000, 0x0000000100000000)
  region size 1024K, 0 young (0K), 0 survivors (0K)
 Metaspace       used 59403K, committed 60032K, reserved 1114112K
  class space    used 7381K, committed 7680K, reserved 1048576K
}
Event: 20339.802 GC heap before
{Heap before GC invocations=888 (full 868):
 garbage-first heap   total 101376K, used 40471K [0x00000000c0000000, 0x0000000100000000)
  region size 1024K, 1 young (1024K), 0 survivors (0K)
 Metaspace       used 59403K, committed 60032K, reserved 1114112K
  class space    used 7381K, committed 7680K, reserved 1048576K
}
Event: 20339.855 GC heap after
{Heap after GC invocations=889 (full 869):
 garbage-first heap   total 101376K, used 40471K [0x00000000c0000000, 0x0000000100000000)
  region size 1024K, 0 young (0K), 0 survivors (0K)
 Metaspace       used 59403K, committed 60032K, reserved 1114112K
  class space    used 7381K, committed 7680K, reserved 1048576K
}
Event: 20350.132 GC heap before
{Heap before GC invocations=889 (full 869):
 garbage-first heap   total 101376K, used 40471K [0x00000000c0000000, 0x0000000100000000)
  region size 1024K, 1 young (1024K), 0 survivors (0K)
 Metaspace       used 59403K, committed 60032K, reserved 1114112K
  class space    used 7381K, committed 7680K, reserved 1048576K
}
Event: 20350.186 GC heap after
{Heap after GC invocations=890 (full 870):
 garbage-first heap   total 101376K, used 40471K [0x00000000c0000000, 0x0000000100000000)
  region size 1024K, 0 young (0K), 0 survivors (0K)
 Metaspace       used 59403K, committed 60032K, reserved 1114112K
  class space    used 7381K, committed 7680K, reserved 1048576K
}
Event: 20360.447 GC heap before
{Heap before GC invocations=890 (full 870):
 garbage-first heap   total 101376K, used 40471K [0x00000000c0000000, 0x0000000100000000)
  region size 1024K, 1 young (1024K), 0 survivors (0K)
 Metaspace       used 59403K, committed 60032K, reserved 1114112K
  class space    used 7381K, committed 7680K, reserved 1048576K
}
Event: 20360.506 GC heap after
{Heap after GC invocations=891 (full 871):
 garbage-first heap   total 101376K, used 40471K [0x00000000c0000000, 0x0000000100000000)
  region size 1024K, 0 young (0K), 0 survivors (0K)
 Metaspace       used 59403K, committed 60032K, reserved 1114112K
  class space    used 7381K, committed 7680K, reserved 1048576K
}
Event: 20370.757 GC heap before
{Heap before GC invocations=891 (full 871):
 garbage-first heap   total 101376K, used 40471K [0x00000000c0000000, 0x0000000100000000)
  region size 1024K, 1 young (1024K), 0 survivors (0K)
 Metaspace       used 59403K, committed 60032K, reserved 1114112K
  class space    used 7381K, committed 7680K, reserved 1048576K
}
Event: 20370.815 GC heap after
{Heap after GC invocations=892 (full 872):
 garbage-first heap   total 101376K, used 40471K [0x00000000c0000000, 0x0000000100000000)
  region size 1024K, 0 young (0K), 0 survivors (0K)
 Metaspace       used 59403K, committed 60032K, reserved 1114112K
  class space    used 7381K, committed 7680K, reserved 1048576K
}
Event: 20381.070 GC heap before
{Heap before GC invocations=892 (full 872):
 garbage-first heap   total 101376K, used 40471K [0x00000000c0000000, 0x0000000100000000)
  region size 1024K, 1 young (1024K), 0 survivors (0K)
 Metaspace       used 59403K, committed 60032K, reserved 1114112K
  class space    used 7381K, committed 7680K, reserved 1048576K
}
Event: 20381.125 GC heap after
{Heap after GC invocations=893 (full 873):
 garbage-first heap   total 101376K, used 40471K [0x00000000c0000000, 0x0000000100000000)
  region size 1024K, 0 young (0K), 0 survivors (0K)
 Metaspace       used 59403K, committed 60032K, reserved 1114112K
  class space    used 7381K, committed 7680K, reserved 1048576K
}

Dll operation events (10 events):
Event: 0.011 Loaded shared library c:\Users\hii\.vscode\extensions\redhat.java-1.32.0-win32-x64\jre\17.0.11-win32-x86_64\bin\java.dll
Event: 0.293 Loaded shared library C:\Users\hii\.vscode\extensions\redhat.java-1.32.0-win32-x64\jre\17.0.11-win32-x86_64\bin\net.dll
Event: 0.295 Loaded shared library C:\Users\hii\.vscode\extensions\redhat.java-1.32.0-win32-x64\jre\17.0.11-win32-x86_64\bin\nio.dll
Event: 0.678 Loaded shared library C:\Users\hii\.vscode\extensions\redhat.java-1.32.0-win32-x64\jre\17.0.11-win32-x86_64\bin\zip.dll
Event: 7.849 Loaded shared library C:\Users\hii\.vscode\extensions\redhat.java-1.32.0-win32-x64\jre\17.0.11-win32-x86_64\bin\jimage.dll
Event: 9.070 Loaded shared library c:\Users\hii\.vscode\extensions\redhat.java-1.32.0-win32-x64\jre\17.0.11-win32-x86_64\bin\verify.dll
Event: 12.745 Loaded shared library C:\Users\hii\.vscode\extensions\redhat.java-1.32.0-win32-x64\jre\17.0.11-win32-x86_64\bin\management.dll
Event: 12.747 Loaded shared library C:\Users\hii\.vscode\extensions\redhat.java-1.32.0-win32-x64\jre\17.0.11-win32-x86_64\bin\management_ext.dll
Event: 13.836 Loaded shared library C:\Users\hii\.vscode\extensions\redhat.java-1.32.0-win32-x64\jre\17.0.11-win32-x86_64\bin\sunmscapi.dll
Event: 14.126 Loaded shared library C:\Users\hii\.vscode\extensions\redhat.java-1.32.0-win32-x64\jre\17.0.11-win32-x86_64\bin\extnet.dll

Deoptimization events (18 events):
Event: 12.993 Thread 0x0000021d34234df0 DEOPT PACKING pc=0x0000021d26719b81 sp=0x00000050571fdf70
Event: 12.993 Thread 0x0000021d34234df0 DEOPT UNPACKING pc=0x0000021d261a7143 sp=0x00000050571fd400 mode 3
Event: 12.994 Thread 0x0000021d34233ec0 DEOPT PACKING pc=0x0000021d266fa197 sp=0x00000050576ff1e0
Event: 12.994 Thread 0x0000021d34233ec0 DEOPT UNPACKING pc=0x0000021d261a7143 sp=0x00000050576fe638 mode 3
Event: 13.842 Thread 0x0000021d3401f990 DEOPT PACKING pc=0x0000021d26b437dc sp=0x00000050581fdbc0
Event: 13.842 Thread 0x0000021d3401f990 DEOPT UNPACKING pc=0x0000021d261a7143 sp=0x00000050581fd2b8 mode 0
Event: 13.904 Thread 0x0000021d345d4f00 DEOPT PACKING pc=0x0000021d262d180c sp=0x00000050588fa850
Event: 13.904 Thread 0x0000021d345d4f00 DEOPT UNPACKING pc=0x0000021d261a7143 sp=0x00000050588f9d18 mode 0
Event: 14.138 Thread 0x0000021d3401ea60 DEOPT PACKING pc=0x0000021d268ca224 sp=0x0000005057dfee20
Event: 14.138 Thread 0x0000021d3401ea60 DEOPT UNPACKING pc=0x0000021d261a7143 sp=0x0000005057dfe308 mode 0
Event: 14.138 Thread 0x0000021d3401f480 DEOPT PACKING pc=0x0000021d268ca224 sp=0x00000050580fefb0
Event: 14.138 Thread 0x0000021d3401f480 DEOPT UNPACKING pc=0x0000021d261a7143 sp=0x00000050580fe498 mode 0
Event: 14.153 Thread 0x0000021d345d3fd0 DEOPT PACKING pc=0x0000021d268ca224 sp=0x00000050586fe920
Event: 14.153 Thread 0x0000021d345d3fd0 DEOPT UNPACKING pc=0x0000021d261a7143 sp=0x00000050586fde08 mode 0
Event: 14.153 Thread 0x0000021d345d3fd0 DEOPT PACKING pc=0x0000021d268ca224 sp=0x00000050586feef0
Event: 14.153 Thread 0x0000021d345d3fd0 DEOPT UNPACKING pc=0x0000021d261a7143 sp=0x00000050586fe3d8 mode 0
Event: 218.160 Thread 0x0000021d34234df0 DEOPT PACKING pc=0x0000021d267ee854 sp=0x00000050571ff120
Event: 218.160 Thread 0x0000021d34234df0 DEOPT UNPACKING pc=0x0000021d261a7143 sp=0x00000050571fe5a8 mode 0

Classes unloaded (20 events):
Event: 193.076 Thread 0x0000021d2e799080 Unloading class 0x000000010008cc00 'java/lang/invoke/LambdaForm$MH+0x000000010008cc00'
Event: 193.076 Thread 0x0000021d2e799080 Unloading class 0x000000010008c800 'java/lang/invoke/LambdaForm$MH+0x000000010008c800'
Event: 193.076 Thread 0x0000021d2e799080 Unloading class 0x000000010008c000 'java/lang/invoke/LambdaForm$MH+0x000000010008c000'
Event: 193.076 Thread 0x0000021d2e799080 Unloading class 0x000000010008bc00 'java/lang/invoke/LambdaForm$MH+0x000000010008bc00'
Event: 193.076 Thread 0x0000021d2e799080 Unloading class 0x000000010008ac00 'java/lang/invoke/LambdaForm$MH+0x000000010008ac00'
Event: 193.076 Thread 0x0000021d2e799080 Unloading class 0x000000010008a400 'java/lang/invoke/LambdaForm$MH+0x000000010008a400'
Event: 193.076 Thread 0x0000021d2e799080 Unloading class 0x000000010008a000 'java/lang/invoke/LambdaForm$MH+0x000000010008a000'
Event: 193.076 Thread 0x0000021d2e799080 Unloading class 0x0000000100089c00 'java/lang/invoke/LambdaForm$MH+0x0000000100089c00'
Event: 193.076 Thread 0x0000021d2e799080 Unloading class 0x0000000100089800 'java/lang/invoke/LambdaForm$MH+0x0000000100089800'
Event: 193.076 Thread 0x0000021d2e799080 Unloading class 0x0000000100089400 'java/lang/invoke/LambdaForm$MH+0x0000000100089400'
Event: 193.076 Thread 0x0000021d2e799080 Unloading class 0x0000000100088c00 'java/lang/invoke/LambdaForm$MH+0x0000000100088c00'
Event: 193.076 Thread 0x0000021d2e799080 Unloading class 0x0000000100088400 'java/lang/invoke/LambdaForm$MH+0x0000000100088400'
Event: 333.739 Thread 0x0000021d2e799080 Unloading class 0x0000000100521800 'java/lang/invoke/LambdaForm$MH+0x0000000100521800'
Event: 333.739 Thread 0x0000021d2e799080 Unloading class 0x0000000100554000 'java/lang/invoke/LambdaForm$MH+0x0000000100554000'
Event: 333.739 Thread 0x0000021d2e799080 Unloading class 0x0000000100565000 'java/lang/invoke/LambdaForm$MH+0x0000000100565000'
Event: 333.739 Thread 0x0000021d2e799080 Unloading class 0x0000000100565800 'java/lang/invoke/LambdaForm$MH+0x0000000100565800'
Event: 333.739 Thread 0x0000021d2e799080 Unloading class 0x000000010059c800 'java/lang/invoke/LambdaForm$MH+0x000000010059c800'
Event: 333.739 Thread 0x0000021d2e799080 Unloading class 0x000000010064c400 'java/lang/invoke/LambdaForm$MH+0x000000010064c400'
Event: 333.739 Thread 0x0000021d2e799080 Unloading class 0x000000010064d400 'java/lang/invoke/LambdaForm$MH+0x000000010064d400'
Event: 333.739 Thread 0x0000021d2e799080 Unloading class 0x000000010077c800 'java/lang/invoke/LambdaForm$MH+0x000000010077c800'

Classes redefined (0 events):
No events

Internal exceptions (20 events):
Event: 13.353 Thread 0x0000021d340203b0 Exception <a 'sun/nio/fs/WindowsException'{0x00000000c3abe798}> (0x00000000c3abe798) 
thrown [s\src\hotspot\share\prims\jni.cpp, line 516]
Event: 13.413 Thread 0x0000021d3401f990 Exception <a 'java/lang/NoSuchMethodError'{0x00000000c3436908}: 'java.lang.Object java.lang.invoke.Invokers$Holder.invoke_MT(java.lang.Object, java.lang.Object, java.lang.Object)'> (0x00000000c3436908) 
thrown [s\src\hotspot\share\interpreter\linkResolver.cpp, line 759]
Event: 13.668 Thread 0x0000021d345cfe00 Exception <a 'java/lang/NoSuchMethodError'{0x00000000cdd50d68}: 'java.lang.Object java.lang.invoke.DirectMethodHandle$Holder.newInvokeSpecial(java.lang.Object, java.lang.Object, java.lang.Object, java.lang.Object, java.lang.Object, long)'> (0x00000000cdd50d68) 
thrown [s\src\hotspot\share\interpreter\linkResolver.cpp, line 759]
Event: 13.668 Thread 0x0000021d345cfe00 Exception <a 'java/lang/NoSuchMethodError'{0x00000000cdd59818}: 'java.lang.Object java.lang.invoke.DirectMethodHandle$Holder.invokeSpecial(java.lang.Object, java.lang.Object, java.lang.Object, java.lang.Object, java.lang.Object, java.lang.Object, long)'> (0x00000000cdd59818) 
thrown [s\src\hotspot\share\interpreter\linkResolver.cpp, line 759]
Event: 13.671 Thread 0x0000021d345d4f00 Exception <a 'java/lang/NoSuchMethodError'{0x00000000cddcac10}: 'void java.lang.invoke.DirectMethodHandle$Holder.invokeVirtual(java.lang.Object, java.lang.Object, java.lang.Object, java.lang.Object)'> (0x00000000cddcac10) 
thrown [s\src\hotspot\share\interpreter\linkResolver.cpp, line 759]
Event: 13.735 Thread 0x0000021d345d49f0 Exception <a 'java/lang/IncompatibleClassChangeError'{0x00000000cddf5cc8}: Found class java.lang.Object, but interface was expected> (0x00000000cddf5cc8) 
thrown [s\src\hotspot\share\interpreter\linkResolver.cpp, line 826]
Event: 13.735 Thread 0x0000021d3401f990 Exception <a 'java/lang/IncompatibleClassChangeError'{0x00000000cdd3d990}: Found class java.lang.Object, but interface was expected> (0x00000000cdd3d990) 
thrown [s\src\hotspot\share\interpreter\linkResolver.cpp, line 826]
Event: 13.768 Thread 0x0000021d345d4f00 Exception <a 'java/lang/NoSuchMethodError'{0x00000000cddb9498}: 'java.lang.Object java.lang.invoke.DirectMethodHandle$Holder.invokeStatic(java.lang.Object, java.lang.Object, int, java.lang.Object)'> (0x00000000cddb9498) 
thrown [s\src\hotspot\share\interpreter\linkResolver.cpp, line 759]
Event: 13.768 Thread 0x0000021d345d4f00 Exception <a 'java/lang/NoSuchMethodError'{0x00000000cddbf878}: 'java.lang.Object java.lang.invoke.DirectMethodHandle$Holder.newInvokeSpecial(java.lang.Object, java.lang.Object, int)'> (0x00000000cddbf878) 
thrown [s\src\hotspot\share\interpreter\linkResolver.cpp, line 759]
Event: 13.785 Thread 0x0000021d345d49f0 Exception <a 'java/lang/NoSuchMethodError'{0x00000000cb7bc5d0}: 'int java.lang.invoke.DirectMethodHandle$Holder.invokeSpecialIFC(java.lang.Object, java.lang.Object, java.lang.Object)'> (0x00000000cb7bc5d0) 
thrown [s\src\hotspot\share\interpreter\linkResolver.cpp, line 759]
Event: 13.785 Thread 0x0000021d3401f990 Exception <a 'java/lang/NoSuchMethodError'{0x00000000cb7912c0}: 'int java.lang.invoke.DirectMethodHandle$Holder.invokeSpecialIFC(java.lang.Object, java.lang.Object, java.lang.Object)'> (0x00000000cb7912c0) 
thrown [s\src\hotspot\share\interpreter\linkResolver.cpp, line 759]
Event: 13.896 Thread 0x0000021d345d4f00 Exception <a 'sun/nio/fs/WindowsException'{0x00000000cdcb7d28}> (0x00000000cdcb7d28) 
thrown [s\src\hotspot\share\prims\jni.cpp, line 516]
Event: 13.935 Thread 0x0000021d3401f990 Exception <a 'java/lang/NoSuchMethodError'{0x00000000c4a8a9d8}: 'int java.lang.invoke.DirectMethodHandle$Holder.invokeStatic(java.lang.Object, int, java.lang.Object)'> (0x00000000c4a8a9d8) 
thrown [s\src\hotspot\share\interpreter\linkResolver.cpp, line 759]
Event: 13.936 Thread 0x0000021d345d49f0 Exception <a 'java/lang/NoSuchMethodError'{0x00000000c4aaa2e0}: 'int java.lang.invoke.DirectMethodHandle$Holder.invokeStatic(java.lang.Object, int, java.lang.Object)'> (0x00000000c4aaa2e0) 
thrown [s\src\hotspot\share\interpreter\linkResolver.cpp, line 759]
Event: 14.035 Thread 0x0000021d3401ef70 Exception <a 'java/lang/NoSuchMethodError'{0x00000000cb5c7198}: 'void java.lang.invoke.DirectMethodHandle$Holder.invokeStatic(java.lang.Object, java.lang.Object, java.lang.Object, java.lang.Object, java.lang.Object, java.lang.Object, java.lang.Object)'> (0x00000000cb5c7198) 
thrown [s\src\hotspot\share\interpreter\linkResolver.cpp, line 759]
Event: 182.794 Thread 0x0000021d34235810 Exception <a 'java/lang/NoSuchMethodError'{0x00000000cb4e8100}: 'void java.lang.invoke.DirectMethodHandle$Holder.invokeStatic(java.lang.Object, long)'> (0x00000000cb4e8100) 
thrown [s\src\hotspot\share\interpreter\linkResolver.cpp, line 759]
Event: 182.794 Thread 0x0000021d34235810 Exception <a 'java/lang/NoSuchMethodError'{0x00000000cb4ed4b0}: 'java.lang.Object java.lang.invoke.DirectMethodHandle$Holder.newInvokeSpecial(java.lang.Object, long)'> (0x00000000cb4ed4b0) 
thrown [s\src\hotspot\share\interpreter\linkResolver.cpp, line 759]
Event: 315.685 Thread 0x0000021d345d6340 Exception <a 'java/io/IOException'{0x00000000c4d6d020}> (0x00000000c4d6d020) 
thrown [s\src\hotspot\share\prims\jni.cpp, line 516]
Event: 316.347 Thread 0x0000021d345d6850 Exception <a 'java/io/IOException'{0x00000000c4d7b388}> (0x00000000c4d7b388) 
thrown [s\src\hotspot\share\prims\jni.cpp, line 516]
Event: 317.455 Thread 0x0000021d345d6d60 Exception <a 'java/io/IOException'{0x00000000c4d88738}> (0x00000000c4d88738) 
thrown [s\src\hotspot\share\prims\jni.cpp, line 516]

VM Operations (20 events):
Event: 20288.423 Executing VM operation: G1CollectFull done
Event: 20298.656 Executing VM operation: G1CollectFull
Event: 20298.713 Executing VM operation: G1CollectFull done
Event: 20308.940 Executing VM operation: G1CollectFull
Event: 20308.994 Executing VM operation: G1CollectFull done
Event: 20319.233 Executing VM operation: G1CollectFull
Event: 20319.289 Executing VM operation: G1CollectFull done
Event: 20329.521 Executing VM operation: G1CollectFull
Event: 20329.578 Executing VM operation: G1CollectFull done
Event: 20339.802 Executing VM operation: G1CollectFull
Event: 20339.856 Executing VM operation: G1CollectFull done
Event: 20350.132 Executing VM operation: G1CollectFull
Event: 20350.186 Executing VM operation: G1CollectFull done
Event: 20360.447 Executing VM operation: G1CollectFull
Event: 20360.506 Executing VM operation: G1CollectFull done
Event: 20370.757 Executing VM operation: G1CollectFull
Event: 20370.815 Executing VM operation: G1CollectFull done
Event: 20381.069 Executing VM operation: G1CollectFull
Event: 20381.125 Executing VM operation: G1CollectFull done
Event: 20391.175 Executing VM operation: G1CollectFull

Events (20 events):
Event: 4605.451 Thread 0x0000021d3401ea60 Thread added: 0x0000021d3401ea60
Event: 4605.453 Thread 0x0000021d3401ef70 Thread added: 0x0000021d3401ef70
Event: 4605.476 Thread 0x0000021d332debc0 Thread added: 0x0000021d332debc0
Event: 4606.259 Thread 0x0000021d3401f480 Thread added: 0x0000021d3401f480
Event: 4606.259 Thread 0x0000021d332debc0 Thread exited: 0x0000021d332debc0
Event: 4606.261 Thread 0x0000021d3401f990 Thread added: 0x0000021d3401f990
Event: 4665.510 Thread 0x0000021d3401ef70 Thread exited: 0x0000021d3401ef70
Event: 4666.279 Thread 0x0000021d3401f480 Thread exited: 0x0000021d3401f480
Event: 4666.279 Thread 0x0000021d3401ea60 Thread exited: 0x0000021d3401ea60
Event: 4671.907 Thread 0x0000021d3401f990 Thread exited: 0x0000021d3401f990
Event: 16560.401 Thread 0x0000021d3401fea0 Thread added: 0x0000021d3401fea0
Event: 16560.403 Thread 0x0000021d3401ea60 Thread added: 0x0000021d3401ea60
Event: 16560.459 Thread 0x0000021d2e8aa8d0 Thread added: 0x0000021d2e8aa8d0
Event: 16565.498 Thread 0x0000021d2e8aa8d0 Thread exited: 0x0000021d2e8aa8d0
Event: 16573.106 Thread 0x0000021d3401f480 Thread added: 0x0000021d3401f480
Event: 16573.106 Thread 0x0000021d3401f990 Thread added: 0x0000021d3401f990
Event: 16620.502 Thread 0x0000021d3401ea60 Thread exited: 0x0000021d3401ea60
Event: 16666.204 Thread 0x0000021d3401fea0 Thread exited: 0x0000021d3401fea0
Event: 16666.205 Thread 0x0000021d3401f480 Thread exited: 0x0000021d3401f480
Event: 16671.206 Thread 0x0000021d3401f990 Thread exited: 0x0000021d3401f990


Dynamic libraries:
0x00007ff6aade0000 - 0x00007ff6aadee000 	c:\Users\hii\.vscode\extensions\redhat.java-1.32.0-win32-x64\jre\17.0.11-win32-x86_64\bin\java.exe
0x00007fffe1190000 - 0x00007fffe13a7000 	C:\WINDOWS\SYSTEM32\ntdll.dll
0x00007fffe03d0000 - 0x00007fffe0494000 	C:\WINDOWS\System32\KERNEL32.DLL
0x00007fffde740000 - 0x00007fffdeaec000 	C:\WINDOWS\System32\KERNELBASE.dll
0x00007fffde560000 - 0x00007fffde671000 	C:\WINDOWS\System32\ucrtbase.dll
0x00007fffd0c50000 - 0x00007fffd0c67000 	c:\Users\hii\.vscode\extensions\redhat.java-1.32.0-win32-x64\jre\17.0.11-win32-x86_64\bin\jli.dll
0x00007fffd0950000 - 0x00007fffd096b000 	c:\Users\hii\.vscode\extensions\redhat.java-1.32.0-win32-x64\jre\17.0.11-win32-x86_64\bin\VCRUNTIME140.dll
0x00007fffe0b50000 - 0x00007fffe0cfe000 	C:\WINDOWS\System32\USER32.dll
0x00007fffb9730000 - 0x00007fffb99c3000 	C:\WINDOWS\WinSxS\amd64_microsoft.windows.common-controls_6595b64144ccf1df_6.0.22621.3672_none_2713b9d173822955\COMCTL32.dll
0x00007fffe05e0000 - 0x00007fffe0687000 	C:\WINDOWS\System32\msvcrt.dll
0x00007fffde4c0000 - 0x00007fffde4e6000 	C:\WINDOWS\System32\win32u.dll
0x00007fffdfb30000 - 0x00007fffdfb59000 	C:\WINDOWS\System32\GDI32.dll
0x00007fffdeb70000 - 0x00007fffdec89000 	C:\WINDOWS\System32\gdi32full.dll
0x00007fffdee00000 - 0x00007fffdee9a000 	C:\WINDOWS\System32\msvcp_win.dll
0x00007fffe1110000 - 0x00007fffe1141000 	C:\WINDOWS\System32\IMM32.DLL
0x00007fffd1c50000 - 0x00007fffd1c5c000 	c:\Users\hii\.vscode\extensions\redhat.java-1.32.0-win32-x64\jre\17.0.11-win32-x86_64\bin\vcruntime140_1.dll
0x00007fffa42a0000 - 0x00007fffa432d000 	c:\Users\hii\.vscode\extensions\redhat.java-1.32.0-win32-x64\jre\17.0.11-win32-x86_64\bin\msvcp140.dll
0x00007fff6efe0000 - 0x00007fff6fc42000 	c:\Users\hii\.vscode\extensions\redhat.java-1.32.0-win32-x64\jre\17.0.11-win32-x86_64\bin\server\jvm.dll
0x00007fffe0520000 - 0x00007fffe05d2000 	C:\WINDOWS\System32\ADVAPI32.dll
0x00007fffdfa00000 - 0x00007fffdfaaa000 	C:\WINDOWS\System32\sechost.dll
0x00007fffdeea0000 - 0x00007fffdeec8000 	C:\WINDOWS\System32\bcrypt.dll
0x00007fffe07f0000 - 0x00007fffe0905000 	C:\WINDOWS\System32\RPCRT4.dll
0x00007fffdd310000 - 0x00007fffdd35d000 	C:\WINDOWS\SYSTEM32\POWRPROF.dll
0x00007fffc3ad0000 - 0x00007fffc3ad9000 	C:\WINDOWS\SYSTEM32\WSOCK32.dll
0x00007fffd88c0000 - 0x00007fffd88f4000 	C:\WINDOWS\SYSTEM32\WINMM.dll
0x00007fffe1090000 - 0x00007fffe1101000 	C:\WINDOWS\System32\WS2_32.dll
0x00007fffd7520000 - 0x00007fffd752a000 	C:\WINDOWS\SYSTEM32\VERSION.dll
0x00007fffdd2f0000 - 0x00007fffdd303000 	C:\WINDOWS\SYSTEM32\UMPDC.dll
0x00007fffdd5a0000 - 0x00007fffdd5b8000 	C:\WINDOWS\SYSTEM32\kernel.appcore.dll
0x00007fffd0e20000 - 0x00007fffd0e2a000 	c:\Users\hii\.vscode\extensions\redhat.java-1.32.0-win32-x64\jre\17.0.11-win32-x86_64\bin\jimage.dll
0x00007fffdc010000 - 0x00007fffdc242000 	C:\WINDOWS\SYSTEM32\DBGHELP.DLL
0x00007fffe0d00000 - 0x00007fffe1088000 	C:\WINDOWS\System32\combase.dll
0x00007fffdeed0000 - 0x00007fffdefa7000 	C:\WINDOWS\System32\OLEAUT32.dll
0x00007fffd1ab0000 - 0x00007fffd1ae2000 	C:\WINDOWS\SYSTEM32\dbgcore.DLL
0x00007fffdeaf0000 - 0x00007fffdeb6b000 	C:\WINDOWS\System32\bcryptPrimitives.dll
0x00007fffca9f0000 - 0x00007fffcaa15000 	c:\Users\hii\.vscode\extensions\redhat.java-1.32.0-win32-x64\jre\17.0.11-win32-x86_64\bin\java.dll
0x00007fffcd1e0000 - 0x00007fffcd1f8000 	c:\Users\hii\.vscode\extensions\redhat.java-1.32.0-win32-x64\jre\17.0.11-win32-x86_64\bin\zip.dll
0x00007fffdfb70000 - 0x00007fffe03cc000 	C:\WINDOWS\System32\SHELL32.dll
0x00007fffdc3d0000 - 0x00007fffdccc7000 	C:\WINDOWS\SYSTEM32\windows.storage.dll
0x00007fffdc290000 - 0x00007fffdc3cf000 	C:\WINDOWS\SYSTEM32\wintypes.dll
0x00007fffdf320000 - 0x00007fffdf414000 	C:\WINDOWS\System32\SHCORE.dll
0x00007fffe0940000 - 0x00007fffe099e000 	C:\WINDOWS\System32\shlwapi.dll
0x00007fffde3f0000 - 0x00007fffde411000 	C:\WINDOWS\SYSTEM32\profapi.dll
0x00007fffccf60000 - 0x00007fffccf79000 	C:\Users\hii\.vscode\extensions\redhat.java-1.32.0-win32-x64\jre\17.0.11-win32-x86_64\bin\net.dll
0x00007fffd9c10000 - 0x00007fffd9d46000 	C:\WINDOWS\SYSTEM32\WINHTTP.dll
0x00007fffdda10000 - 0x00007fffdda79000 	C:\WINDOWS\system32\mswsock.dll
0x00007fffc9ff0000 - 0x00007fffca006000 	C:\Users\hii\.vscode\extensions\redhat.java-1.32.0-win32-x64\jre\17.0.11-win32-x86_64\bin\nio.dll
0x00007fffd09d0000 - 0x00007fffd09e0000 	c:\Users\hii\.vscode\extensions\redhat.java-1.32.0-win32-x64\jre\17.0.11-win32-x86_64\bin\verify.dll
0x00007fffddc30000 - 0x00007fffddc4b000 	C:\WINDOWS\SYSTEM32\CRYPTSP.dll
0x00007fffdd500000 - 0x00007fffdd535000 	C:\WINDOWS\system32\rsaenh.dll
0x00007fffddad0000 - 0x00007fffddaf8000 	C:\WINDOWS\SYSTEM32\USERENV.dll
0x00007fffddc50000 - 0x00007fffddc5c000 	C:\WINDOWS\SYSTEM32\CRYPTBASE.dll
0x00007fffdcfa0000 - 0x00007fffdcfcd000 	C:\WINDOWS\SYSTEM32\IPHLPAPI.DLL
0x00007fffdefb0000 - 0x00007fffdefb9000 	C:\WINDOWS\System32\NSI.dll
0x00007fffd98c0000 - 0x00007fffd98d9000 	C:\WINDOWS\SYSTEM32\dhcpcsvc6.DLL
0x00007fffd96a0000 - 0x00007fffd96bf000 	C:\WINDOWS\SYSTEM32\dhcpcsvc.DLL
0x00007fffdd010000 - 0x00007fffdd108000 	C:\WINDOWS\SYSTEM32\DNSAPI.dll
0x00007fffcd0f0000 - 0x00007fffcd0f9000 	C:\Users\hii\.vscode\extensions\redhat.java-1.32.0-win32-x64\jre\17.0.11-win32-x86_64\bin\management.dll
0x00007fffcce30000 - 0x00007fffcce3b000 	C:\Users\hii\.vscode\extensions\redhat.java-1.32.0-win32-x64\jre\17.0.11-win32-x86_64\bin\management_ext.dll
0x00007fffe0930000 - 0x00007fffe0938000 	C:\WINDOWS\System32\PSAPI.DLL
0x00007fffccaf0000 - 0x00007fffccafe000 	C:\Users\hii\.vscode\extensions\redhat.java-1.32.0-win32-x64\jre\17.0.11-win32-x86_64\bin\sunmscapi.dll
0x00007fffdec90000 - 0x00007fffdedf7000 	C:\WINDOWS\System32\CRYPT32.dll
0x00007fffdde70000 - 0x00007fffdde9e000 	C:\WINDOWS\SYSTEM32\ncrypt.dll
0x00007fffdde30000 - 0x00007fffdde67000 	C:\WINDOWS\SYSTEM32\NTASN1.dll
0x00007fffd8900000 - 0x00007fffd890a000 	C:\Windows\System32\rasadhlp.dll
0x00007fffd85d0000 - 0x00007fffd8653000 	C:\WINDOWS\System32\fwpuclnt.dll
0x00007fffcc350000 - 0x00007fffcc359000 	C:\Users\hii\.vscode\extensions\redhat.java-1.32.0-win32-x64\jre\17.0.11-win32-x86_64\bin\extnet.dll

dbghelp: loaded successfully - version: 4.0.5 - missing functions: none
symbol engine: initialized successfully - sym options: 0x614 - pdb path: .;c:\Users\hii\.vscode\extensions\redhat.java-1.32.0-win32-x64\jre\17.0.11-win32-x86_64\bin;C:\WINDOWS\SYSTEM32;C:\WINDOWS\WinSxS\amd64_microsoft.windows.common-controls_6595b64144ccf1df_6.0.22621.3672_none_2713b9d173822955;c:\Users\hii\.vscode\extensions\redhat.java-1.32.0-win32-x64\jre\17.0.11-win32-x86_64\bin\server

VM Arguments:
jvm_args: -Xmx1024m -Dsts.lsp.client=vscode -Dsts.log.file=/dev/null -XX:TieredStopAtLevel=1 -Xlog:jni+resolve=off -Dspring.config.location=file:c:\Users\hii\.vscode\extensions\vmware.vscode-spring-boot-1.55.1\language-server\BOOT-INF\classes\application.properties 
java_command: org.springframework.ide.vscode.boot.app.BootLanguageServerBootApp
java_class_path (initial): c:\Users\hii\.vscode\extensions\vmware.vscode-spring-boot-1.55.1\language-server\BOOT-INF\classes;c:\Users\hii\.vscode\extensions\vmware.vscode-spring-boot-1.55.1\language-server\BOOT-INF\lib\annotations-24.1.0.jar;c:\Users\hii\.vscode\extensions\vmware.vscode-spring-boot-1.55.1\language-server\BOOT-INF\lib\antlr4-runtime-4.13.1.jar;c:\Users\hii\.vscode\extensions\vmware.vscode-spring-boot-1.55.1\language-server\BOOT-INF\lib\asm-9.7.jar;c:\Users\hii\.vscode\extensions\vmware.vscode-spring-boot-1.55.1\language-server\BOOT-INF\lib\asm-analysis-9.7.jar;c:\Users\hii\.vscode\extensions\vmware.vscode-spring-boot-1.55.1\language-server\BOOT-INF\lib\asm-tree-9.7.jar;c:\Users\hii\.vscode\extensions\vmware.vscode-spring-boot-1.55.1\language-server\BOOT-INF\lib\asm-util-9.7.jar;c:\Users\hii\.vscode\extensions\vmware.vscode-spring-boot-1.55.1\language-server\BOOT-INF\lib\caffeine-3.1.8.jar;c:\Users\hii\.vscode\extensions\vmware.vscode-spring-boot-1.55.1\language-server\BOOT-INF\lib\checker-qual-3.12.0.jar;c:\Users\hii\.vscode\extensions\vmware.vscode-spring-boot-1.55.1\language-server\BOOT-INF\lib\classgraph-4.8.149.jar;c:\Users\hii\.vscode\extensions\vmware.vscode-spring-boot-1.55.1\language-server\BOOT-INF\lib\commons-codec-1.16.1.jar;c:\Users\hii\.vscode\extensions\vmware.vscode-spring-boot-1.55.1\language-server\BOOT-INF\lib\commons-compress-1.26.1.jar;c:\Users\hii\.vscode\extensions\vmware.vscode-spring-boot-1.55.1\language-server\BOOT-INF\lib\commons-io-2.16.1.jar;c:\Users\hii\.vscode\extensions\vmware.vscode-spring-boot-1.55.1\language-server\BOOT-INF\lib\commons-java-1.55.1-SNAPSHOT.jar;c:\Users\hii\.vscode\extensions\vmware.vscode-spring-boot-1.55.1\language-server\BOOT-INF\lib\commons-lang3-3.14.0.jar;c:\Users\hii\.vscode\extensions\vmware.vscode-spring-boot-1.55.1\language-server\BOOT-INF\lib\commons-language-server-1.55.1-SNAPSHOT.jar;c:\Users\hii\.vscode\extensions\vmware.vscode-spring-boot-1.55.1\language-server\BOOT-INF\lib\commons-ls
Launcher Type: SUN_STANDARD

[Global flags]
     intx CICompilerCount                          = 4                                         {product} {ergonomic}
     uint ConcGCThreads                            = 3                                         {product} {ergonomic}
     uint G1ConcRefinementThreads                  = 10                                        {product} {ergonomic}
   size_t G1HeapRegionSize                         = 1048576                                   {product} {ergonomic}
    uintx GCDrainStackTargetSize                   = 64                                        {product} {ergonomic}
   size_t InitialHeapSize                          = 232783872                                 {product} {ergonomic}
   size_t MarkStackSize                            = 4194304                                   {product} {ergonomic}
   size_t MaxHeapSize                              = 1073741824                                {product} {command line}
   size_t MaxNewSize                               = 643825664                                 {product} {ergonomic}
   size_t MinHeapDeltaBytes                        = 1048576                                   {product} {ergonomic}
   size_t MinHeapSize                              = 8388608                                   {product} {ergonomic}
    uintx NonProfiledCodeHeapSize                  = 0                                      {pd product} {ergonomic}
     bool ProfileInterpreter                       = false                                  {pd product} {command line}
    uintx ProfiledCodeHeapSize                     = 0                                      {pd product} {ergonomic}
   size_t SoftMaxHeapSize                          = 1073741824                             {manageable} {ergonomic}
     intx TieredStopAtLevel                        = 1                                         {product} {command line}
     bool UseCompressedClassPointers               = true                           {product lp64_product} {ergonomic}
     bool UseCompressedOops                        = true                           {product lp64_product} {ergonomic}
     bool UseG1GC                                  = true                                      {product} {ergonomic}
     bool UseLargePagesIndividualAllocation        = false                                  {pd product} {ergonomic}

Logging:
Log output configuration:
 #0: stdout all=warning,jni+resolve=off uptime,level,tags
 #1: stderr all=off uptime,level,tags

Environment Variables:
PATH=C:\Program Files\Common Files\Oracle\Java\javapath;C:\Program Files (x86)\VMware\VMware Workstation\bin\;C:\WINDOWS\system32;C:\WINDOWS;C:\WINDOWS\System32\Wbem;C:\WINDOWS\System32\WindowsPowerShell\v1.0\;C:\WINDOWS\System32\OpenSSH\;C:\Program Files (x86)\NVIDIA Corporation\PhysX\Common;C:\Program Files\NVIDIA Corporation\NVIDIA NvDLISR;C:\Program Files\Git\cmd;C:\msys64\mingw64\bin;C:\Program Files (x86)\Microsoft SQL Server\160\Tools\Binn\;C:\Program Files\Microsoft SQL Server\160\Tools\Binn\;C:\Program Files\Microsoft SQL Server\Client SDK\ODBC\170\Tools\Binn\;C:\Program Files\Microsoft SQL Server\160\DTS\Binn\;C:\Program Files (x86)\Microsoft SQL Server\160\DTS\Binn\;C:\Program Files\Azure Data Studio\bin;C:\Program Files\nodejs\;C:\Program Files\Docker\Docker\resources\bin;C:\Users\hii\AppData\Local\Microsoft\WindowsApps;C:\Users\hii\AppData\Local\Programs\Microsoft VS Code\bin;C:\Program Files\Azure Data Studio\bin;C:\Users\hii\AppData\Local\GitHubDesktop\bin;C:\Users\hii\AppData\Roaming\npm
USERNAME=hii
OS=Windows_NT
PROCESSOR_IDENTIFIER=AMD64 Family 25 Model 80 Stepping 0, AuthenticAMD
TMP=C:\Users\hii\AppData\Local\Temp
TEMP=C:\Users\hii\AppData\Local\Temp



Periodic native trim disabled


---------------  S Y S T E M  ---------------

OS:
 Windows 11 , 64 bit Build 22621 (10.0.22621.3672)
OS uptime: 1 days 17:32 hours
Hyper-V role detected

CPU: total 12 (initial active 12) (12 cores per cpu, 2 threads per core) family 25 model 80 stepping 0 microcode 0x0, cx8, cmov, fxsr, ht, mmx, 3dnowpref, sse, sse2, sse3, ssse3, sse4a, sse4.1, sse4.2, popcnt, lzcnt, tsc, tscinvbit, avx, avx2, aes, erms, clmul, bmi1, bmi2, adx, sha, fma, vzeroupper, clflush, clflushopt, hv
Processor Information for processor 0
  Max Mhz: 3301, Current Mhz: 1908, Mhz Limit: 3301
Processor Information for processor 1
  Max Mhz: 3301, Current Mhz: 1805, Mhz Limit: 3301
Processor Information for processor 2
  Max Mhz: 3301, Current Mhz: 1805, Mhz Limit: 3301
Processor Information for processor 3
  Max Mhz: 3301, Current Mhz: 1908, Mhz Limit: 3301
Processor Information for processor 4
  Max Mhz: 3301, Current Mhz: 1908, Mhz Limit: 3301
Processor Information for processor 5
  Max Mhz: 3301, Current Mhz: 1908, Mhz Limit: 3301
Processor Information for processor 6
  Max Mhz: 3301, Current Mhz: 1908, Mhz Limit: 3301
Processor Information for processor 7
  Max Mhz: 3301, Current Mhz: 1805, Mhz Limit: 3301
Processor Information for processor 8
  Max Mhz: 3301, Current Mhz: 1805, Mhz Limit: 3301
Processor Information for processor 9
  Max Mhz: 3301, Current Mhz: 1805, Mhz Limit: 3301
Processor Information for processor 10
  Max Mhz: 3301, Current Mhz: 1805, Mhz Limit: 3301
Processor Information for processor 11
  Max Mhz: 3301, Current Mhz: 1805, Mhz Limit: 3301

Memory: 4k page, system-wide physical 14188M (1131M free)
TotalPageFile size 23739M (AvailPageFile size 6M)
current process WorkingSet (physical memory assigned to process): 86M, peak: 237M
current process commit charge ("private bytes"): 275M, peak: 337M

vm_info: OpenJDK 64-Bit Server VM (17.0.11+9) for windows-amd64 JRE (17.0.11+9), built on Apr 17 2024 06:07:48 by "admin" with MS VC++ 16.10 / 16.11 (VS2019)

END.
